0 verbose cli C:\Program Files\nodejs\node.exe C:\Users\Marvin Thierry NKAYA\AppData\Roaming\npm\node_modules\npm\bin\npm-cli.js
1 info using npm@9.6.3
2 info using node@v16.17.1
3 timing npm:load:whichnode Completed in 2ms
4 timing config:load:defaults Completed in 2ms
5 timing config:load:file:C:\Users\Marvin Thierry NKAYA\AppData\Roaming\npm\node_modules\npm\npmrc Completed in 3ms
6 timing config:load:builtin Completed in 3ms
7 timing config:load:cli Completed in 1ms
8 timing config:load:env Completed in 0ms
9 timing config:load:file:D:\PROJETS\esp\reactapp\.npmrc Completed in 0ms
10 timing config:load:project Completed in 2ms
11 timing config:load:file:C:\Users\Marvin Thierry NKAYA\.npmrc Completed in 1ms
12 timing config:load:user Completed in 1ms
13 timing config:load:file:C:\Users\Marvin Thierry NKAYA\AppData\Roaming\npm\etc\npmrc Completed in 1ms
14 timing config:load:global Completed in 1ms
15 timing config:load:setEnvs Completed in 1ms
16 timing config:load Completed in 13ms
17 timing npm:load:configload Completed in 13ms
18 timing npm:load:mkdirpcache Completed in 1ms
19 timing npm:load:mkdirplogs Completed in 0ms
20 verbose title npm run build
21 verbose argv "run" "build"
22 timing npm:load:setTitle Completed in 1ms
23 timing config:load:flatten Completed in 4ms
24 timing npm:load:display Completed in 4ms
25 verbose logfile logs-max:10 dir:D:\PROJETS\esp\reactapp\clean\_logs\2023-05-03T21_06_08_493Z-
26 verbose logfile D:\PROJETS\esp\reactapp\clean\_logs\2023-05-03T21_06_08_493Z-debug-0.log
27 timing npm:load:logFile Completed in 10ms
28 timing npm:load:timers Completed in 0ms
29 timing npm:load:configScope Completed in 0ms
30 timing npm:load Completed in 32ms
31 silly logfile start cleaning logs, removing 2 files
32 silly logfile error removing log file D:\PROJETS\esp\reactapp\clean\_logs\2023-05-03T20_28_38_866Z-debug-0.log [Error: EPERM: operation not permitted, stat 'D:\PROJETS\esp\reactapp\clean\_logs\2023-05-03T20_28_38_866Z-debug-0.log'] {
32 silly logfile   errno: -4048,
32 silly logfile   code: 'EPERM',
32 silly logfile   syscall: 'stat',
32 silly logfile   path: 'D:\\PROJETS\\esp\\reactapp\\clean\\_logs\\2023-05-03T20_28_38_866Z-debug-0.log'
32 silly logfile }
33 silly logfile done cleaning log files
34 timing command:run Completed in 42892ms
35 verbose exit 0
36 timing npm Completed in 42945ms
37 info ok
