0 verbose cli C:\Program Files\nodejs\node.exe C:\Users\Marvin Thierry NKAYA\AppData\Roaming\npm\node_modules\npm\bin\npm-cli.js
1 info using npm@9.6.3
2 info using node@v16.17.1
3 timing npm:load:whichnode Completed in 3ms
4 timing config:load:defaults Completed in 3ms
5 timing config:load:file:C:\Users\Marvin Thierry NKAYA\AppData\Roaming\npm\node_modules\npm\npmrc Completed in 2ms
6 timing config:load:builtin Completed in 3ms
7 timing config:load:cli Completed in 2ms
8 timing config:load:env Completed in 1ms
9 timing config:load:file:D:\PROJETS\app\reactapp\.npmrc Completed in 0ms
10 timing config:load:project Completed in 2ms
11 timing config:load:file:C:\Users\Marvin Thierry NKAYA\.npmrc Completed in 2ms
12 timing config:load:user Completed in 2ms
13 timing config:load:file:C:\Users\Marvin Thierry NKAYA\AppData\Roaming\npm\etc\npmrc Completed in 1ms
14 timing config:load:global Completed in 1ms
15 timing config:load:setEnvs Completed in 1ms
16 timing config:load Completed in 15ms
17 timing npm:load:configload Completed in 15ms
18 timing npm:load:mkdirpcache Completed in 1ms
19 timing npm:load:mkdirplogs Completed in 0ms
20 verbose title npm install react-bootstrap bootstrap
21 verbose argv "install" "react-bootstrap" "bootstrap"
22 timing npm:load:setTitle Completed in 1ms
23 timing config:load:flatten Completed in 6ms
24 timing npm:load:display Completed in 7ms
25 verbose logfile logs-max:10 dir:D:\PROJETS\app\reactapp\clean\_logs\2023-04-03T15_50_46_144Z-
26 verbose logfile D:\PROJETS\app\reactapp\clean\_logs\2023-04-03T15_50_46_144Z-debug-0.log
27 timing npm:load:logFile Completed in 13ms
28 timing npm:load:timers Completed in 0ms
29 timing npm:load:configScope Completed in 0ms
30 timing npm:load Completed in 42ms
31 timing arborist:ctor Completed in 1ms
32 silly logfile done cleaning log files
33 timing idealTree:init Completed in 1495ms
34 timing idealTree:userRequests Completed in 4ms
35 silly idealTree buildDeps
36 silly fetch manifest react-bootstrap@*
37 timing arborist:ctor Completed in 0ms
38 http fetch GET 200 https://registry.npmjs.org/react-bootstrap 3169ms (cache miss)
39 silly fetch manifest @types/react@>=16.14.8
40 http fetch GET 200 https://registry.npmjs.org/@types%2freact 35ms (cache hit)
41 silly fetch manifest react@^18.2.0
42 http fetch GET 200 https://registry.npmjs.org/react 14ms (cache hit)
43 silly fetch manifest react-dom@^18.2.0
44 http fetch GET 200 https://registry.npmjs.org/react-dom 13ms (cache hit)
45 silly fetch manifest bootstrap@*
46 http fetch GET 200 https://registry.npmjs.org/bootstrap 606ms (cache miss)
47 silly fetch manifest @popperjs/core@^2.11.6
48 http fetch GET 200 https://registry.npmjs.org/@popperjs%2fcore 489ms (cache miss)
49 silly placeDep ROOT bootstrap@5.2.3 OK for: reactapp@0.1.0 want: *
50 silly placeDep ROOT @popperjs/core@2.11.7 OK for: bootstrap@5.2.3 want: ^2.11.6
51 silly placeDep ROOT react-bootstrap@2.7.2 OK for: reactapp@0.1.0 want: *
52 silly fetch manifest @restart/hooks@^0.4.6
53 silly fetch manifest @restart/ui@^1.4.1
54 silly fetch manifest @types/react-transition-group@^4.4.4
55 silly fetch manifest classnames@^2.3.1
56 silly fetch manifest dom-helpers@^5.2.1
57 silly fetch manifest invariant@^2.2.4
58 silly fetch manifest prop-types-extra@^1.1.0
59 silly fetch manifest react-transition-group@^4.4.2
60 silly fetch manifest uncontrollable@^7.2.1
61 silly fetch manifest warning@^4.0.3
62 http fetch GET 200 https://registry.npmjs.org/warning 398ms (cache miss)
63 http fetch GET 200 https://registry.npmjs.org/classnames 451ms (cache miss)
64 http fetch GET 200 https://registry.npmjs.org/invariant 452ms (cache miss)
65 http fetch GET 200 https://registry.npmjs.org/react-transition-group 494ms (cache miss)
66 http fetch GET 200 https://registry.npmjs.org/@restart%2fhooks 526ms (cache miss)
67 http fetch GET 200 https://registry.npmjs.org/prop-types-extra 525ms (cache miss)
68 http fetch GET 200 https://registry.npmjs.org/dom-helpers 531ms (cache miss)
69 http fetch GET 200 https://registry.npmjs.org/uncontrollable 546ms (cache miss)
70 http fetch GET 200 https://registry.npmjs.org/@types%2freact-transition-group 552ms (cache miss)
71 http fetch GET 200 https://registry.npmjs.org/@restart%2fui 910ms (cache miss)
72 timing idealTree:#root Completed in 5316ms
73 timing idealTree:node_modules/@popperjs/core Completed in 0ms
74 timing idealTree:node_modules/bootstrap Completed in 0ms
75 silly fetch manifest react@>=16.14.0
76 silly fetch manifest react-dom@>=16.14.0
77 silly placeDep ROOT @restart/hooks@0.4.9 OK for: react-bootstrap@2.7.2 want: ^0.4.6
78 silly placeDep ROOT @restart/ui@1.6.2 OK for: react-bootstrap@2.7.2 want: ^1.4.1
79 silly placeDep ROOT @types/react-transition-group@4.4.5 OK for: react-bootstrap@2.7.2 want: ^4.4.4
80 silly placeDep ROOT classnames@2.3.2 OK for: react-bootstrap@2.7.2 want: ^2.3.1
81 silly placeDep ROOT dom-helpers@5.2.1 OK for: react-bootstrap@2.7.2 want: ^5.2.1
82 silly placeDep ROOT invariant@2.2.4 OK for: react-bootstrap@2.7.2 want: ^2.2.4
83 silly placeDep ROOT prop-types-extra@1.1.1 OK for: react-bootstrap@2.7.2 want: ^1.1.0
84 silly placeDep ROOT react-transition-group@4.4.5 OK for: react-bootstrap@2.7.2 want: ^4.4.2
85 silly placeDep ROOT uncontrollable@7.2.1 OK for: react-bootstrap@2.7.2 want: ^7.2.1
86 silly placeDep ROOT warning@4.0.3 OK for: react-bootstrap@2.7.2 want: ^4.0.3
87 silly fetch manifest dequal@^2.0.2
88 silly fetch manifest @react-aria/ssr@^3.5.0
89 silly fetch manifest @types/warning@^3.0.0
90 silly fetch manifest dequal@^2.0.3
91 silly fetch manifest uncontrollable@^8.0.0
92 silly fetch manifest react-is@^16.3.2
93 silly fetch manifest react-lifecycles-compat@^3.0.4
94 http fetch GET 200 https://registry.npmjs.org/react-is 17ms (cache hit)
95 http fetch GET 200 https://registry.npmjs.org/dequal 114ms (cache miss)
96 http fetch GET 200 https://registry.npmjs.org/dequal 114ms (cache miss)
97 http fetch GET 200 https://registry.npmjs.org/react-lifecycles-compat 115ms (cache miss)
98 http fetch GET 200 https://registry.npmjs.org/@types%2fwarning 284ms (cache miss)
99 http fetch GET 200 https://registry.npmjs.org/@react-aria%2fssr 784ms (cache miss)
100 timing idealTree:node_modules/react-bootstrap Completed in 820ms
101 silly placeDep ROOT dequal@2.0.3 OK for: @restart/hooks@0.4.9 want: ^2.0.2
102 timing idealTree:node_modules/@restart/hooks Completed in 1ms
103 silly placeDep ROOT @react-aria/ssr@3.5.0 OK for: @restart/ui@1.6.2 want: ^3.5.0
104 silly placeDep ROOT @types/warning@3.0.0 OK for: @restart/ui@1.6.2 want: ^3.0.0
105 silly placeDep node_modules/@restart/ui uncontrollable@8.0.0 OK for: @restart/ui@1.6.2 want: ^8.0.0
106 silly fetch manifest @swc/helpers@^0.4.14
107 http fetch GET 200 https://registry.npmjs.org/@swc%2fhelpers 256ms (cache miss)
108 timing idealTree:node_modules/@restart/ui Completed in 269ms
109 silly placeDep ROOT @swc/helpers@0.4.14 OK for: @react-aria/ssr@3.5.0 want: ^0.4.14
110 timing idealTree:node_modules/@react-aria/ssr Completed in 3ms
111 timing idealTree:node_modules/@swc/helpers Completed in 0ms
112 timing idealTree:node_modules/@types/react-transition-group Completed in 0ms
113 timing idealTree:node_modules/@types/warning Completed in 0ms
114 timing idealTree:node_modules/classnames Completed in 0ms
115 timing idealTree:node_modules/dequal Completed in 1ms
116 timing idealTree:node_modules/dom-helpers Completed in 0ms
117 timing idealTree:node_modules/invariant Completed in 0ms
118 silly placeDep node_modules/prop-types-extra react-is@16.13.1 OK for: prop-types-extra@1.1.1 want: ^16.3.2
119 timing idealTree:node_modules/prop-types-extra Completed in 3ms
120 timing idealTree:node_modules/react-transition-group Completed in 0ms
121 silly placeDep ROOT react-lifecycles-compat@3.0.4 OK for: uncontrollable@7.2.1 want: ^3.0.4
122 timing idealTree:node_modules/uncontrollable Completed in 2ms
123 timing idealTree:node_modules/react-lifecycles-compat Completed in 0ms
124 timing idealTree:node_modules/warning Completed in 0ms
125 timing idealTree:node_modules/@restart/ui/node_modules/uncontrollable Completed in 0ms
126 timing idealTree:node_modules/prop-types-extra/node_modules/react-is Completed in 0ms
127 timing idealTree:buildDeps Completed in 6419ms
128 timing idealTree:fixDepFlags Completed in 27ms
129 timing idealTree Completed in 7979ms
130 timing reify:loadTrees Completed in 7980ms
131 timing reify:diffTrees Completed in 39ms
132 silly reify moves {}
133 timing reify:retireShallow Completed in 1ms
134 timing reify:createSparse Completed in 8ms
135 timing reify:loadBundles Completed in 0ms
136 silly audit bulk request {
136 silly audit   '@adobe/css-tools': [ '4.2.0' ],
136 silly audit   '@ampproject/remapping': [ '2.2.0' ],
136 silly audit   '@babel/code-frame': [ '7.21.4' ],
136 silly audit   '@babel/compat-data': [ '7.21.4' ],
136 silly audit   '@babel/core': [ '7.21.4' ],
136 silly audit   semver: [ '6.3.0', '7.3.8' ],
136 silly audit   '@babel/eslint-parser': [ '7.21.3' ],
136 silly audit   'eslint-visitor-keys': [ '2.1.0', '3.4.0' ],
136 silly audit   '@babel/generator': [ '7.21.4' ],
136 silly audit   '@jridgewell/gen-mapping': [ '0.3.2', '0.1.1' ],
136 silly audit   '@babel/helper-annotate-as-pure': [ '7.18.6' ],
136 silly audit   '@babel/helper-builder-binary-assignment-operator-visitor': [ '7.18.9' ],
136 silly audit   '@babel/helper-compilation-targets': [ '7.21.4' ],
136 silly audit   '@babel/helper-create-class-features-plugin': [ '7.21.4' ],
136 silly audit   '@babel/helper-create-regexp-features-plugin': [ '7.21.4' ],
136 silly audit   '@babel/helper-define-polyfill-provider': [ '0.3.3' ],
136 silly audit   '@babel/helper-environment-visitor': [ '7.18.9' ],
136 silly audit   '@babel/helper-explode-assignable-expression': [ '7.18.6' ],
136 silly audit   '@babel/helper-function-name': [ '7.21.0' ],
136 silly audit   '@babel/helper-hoist-variables': [ '7.18.6' ],
136 silly audit   '@babel/helper-member-expression-to-functions': [ '7.21.0' ],
136 silly audit   '@babel/helper-module-imports': [ '7.21.4' ],
136 silly audit   '@babel/helper-module-transforms': [ '7.21.2' ],
136 silly audit   '@babel/helper-optimise-call-expression': [ '7.18.6' ],
136 silly audit   '@babel/helper-plugin-utils': [ '7.20.2' ],
136 silly audit   '@babel/helper-remap-async-to-generator': [ '7.18.9' ],
136 silly audit   '@babel/helper-replace-supers': [ '7.20.7' ],
136 silly audit   '@babel/helper-simple-access': [ '7.20.2' ],
136 silly audit   '@babel/helper-skip-transparent-expression-wrappers': [ '7.20.0' ],
136 silly audit   '@babel/helper-split-export-declaration': [ '7.18.6' ],
136 silly audit   '@babel/helper-string-parser': [ '7.19.4' ],
136 silly audit   '@babel/helper-validator-identifier': [ '7.19.1' ],
136 silly audit   '@babel/helper-validator-option': [ '7.21.0' ],
136 silly audit   '@babel/helper-wrap-function': [ '7.20.5' ],
136 silly audit   '@babel/helpers': [ '7.21.0' ],
136 silly audit   '@babel/highlight': [ '7.18.6' ],
136 silly audit   '@babel/parser': [ '7.21.4' ],
136 silly audit   '@babel/plugin-bugfix-safari-id-destructuring-collision-in-function-expression': [ '7.18.6' ],
136 silly audit   '@babel/plugin-bugfix-v8-spread-parameters-in-optional-chaining': [ '7.20.7' ],
136 silly audit   '@babel/plugin-proposal-async-generator-functions': [ '7.20.7' ],
136 silly audit   '@babel/plugin-proposal-class-properties': [ '7.18.6' ],
136 silly audit   '@babel/plugin-proposal-class-static-block': [ '7.21.0' ],
136 silly audit   '@babel/plugin-proposal-decorators': [ '7.21.0' ],
136 silly audit   '@babel/plugin-proposal-dynamic-import': [ '7.18.6' ],
136 silly audit   '@babel/plugin-proposal-export-namespace-from': [ '7.18.9' ],
136 silly audit   '@babel/plugin-proposal-json-strings': [ '7.18.6' ],
136 silly audit   '@babel/plugin-proposal-logical-assignment-operators': [ '7.20.7' ],
136 silly audit   '@babel/plugin-proposal-nullish-coalescing-operator': [ '7.18.6' ],
136 silly audit   '@babel/plugin-proposal-numeric-separator': [ '7.18.6' ],
136 silly audit   '@babel/plugin-proposal-object-rest-spread': [ '7.20.7' ],
136 silly audit   '@babel/plugin-proposal-optional-catch-binding': [ '7.18.6' ],
136 silly audit   '@babel/plugin-proposal-optional-chaining': [ '7.21.0' ],
136 silly audit   '@babel/plugin-proposal-private-methods': [ '7.18.6' ],
136 silly audit   '@babel/plugin-proposal-private-property-in-object': [ '7.21.0' ],
136 silly audit   '@babel/plugin-proposal-unicode-property-regex': [ '7.18.6' ],
136 silly audit   '@babel/plugin-syntax-async-generators': [ '7.8.4' ],
136 silly audit   '@babel/plugin-syntax-bigint': [ '7.8.3' ],
136 silly audit   '@babel/plugin-syntax-class-properties': [ '7.12.13' ],
136 silly audit   '@babel/plugin-syntax-class-static-block': [ '7.14.5' ],
136 silly audit   '@babel/plugin-syntax-decorators': [ '7.21.0' ],
136 silly audit   '@babel/plugin-syntax-dynamic-import': [ '7.8.3' ],
136 silly audit   '@babel/plugin-syntax-export-namespace-from': [ '7.8.3' ],
136 silly audit   '@babel/plugin-syntax-flow': [ '7.21.4' ],
136 silly audit   '@babel/plugin-syntax-import-assertions': [ '7.20.0' ],
136 silly audit   '@babel/plugin-syntax-import-meta': [ '7.10.4' ],
136 silly audit   '@babel/plugin-syntax-json-strings': [ '7.8.3' ],
136 silly audit   '@babel/plugin-syntax-jsx': [ '7.21.4' ],
136 silly audit   '@babel/plugin-syntax-logical-assignment-operators': [ '7.10.4' ],
136 silly audit   '@babel/plugin-syntax-nullish-coalescing-operator': [ '7.8.3' ],
136 silly audit   '@babel/plugin-syntax-numeric-separator': [ '7.10.4' ],
136 silly audit   '@babel/plugin-syntax-object-rest-spread': [ '7.8.3' ],
136 silly audit   '@babel/plugin-syntax-optional-catch-binding': [ '7.8.3' ],
136 silly audit   '@babel/plugin-syntax-optional-chaining': [ '7.8.3' ],
136 silly audit   '@babel/plugin-syntax-private-property-in-object': [ '7.14.5' ],
136 silly audit   '@babel/plugin-syntax-top-level-await': [ '7.14.5' ],
136 silly audit   '@babel/plugin-syntax-typescript': [ '7.21.4' ],
136 silly audit   '@babel/plugin-transform-arrow-functions': [ '7.20.7' ],
136 silly audit   '@babel/plugin-transform-async-to-generator': [ '7.20.7' ],
136 silly audit   '@babel/plugin-transform-block-scoped-functions': [ '7.18.6' ],
136 silly audit   '@babel/plugin-transform-block-scoping': [ '7.21.0' ],
136 silly audit   '@babel/plugin-transform-classes': [ '7.21.0' ],
136 silly audit   '@babel/plugin-transform-computed-properties': [ '7.20.7' ],
136 silly audit   '@babel/plugin-transform-destructuring': [ '7.21.3' ],
136 silly audit   '@babel/plugin-transform-dotall-regex': [ '7.18.6' ],
136 silly audit   '@babel/plugin-transform-duplicate-keys': [ '7.18.9' ],
136 silly audit   '@babel/plugin-transform-exponentiation-operator': [ '7.18.6' ],
136 silly audit   '@babel/plugin-transform-flow-strip-types': [ '7.21.0' ],
136 silly audit   '@babel/plugin-transform-for-of': [ '7.21.0' ],
136 silly audit   '@babel/plugin-transform-function-name': [ '7.18.9' ],
136 silly audit   '@babel/plugin-transform-literals': [ '7.18.9' ],
136 silly audit   '@babel/plugin-transform-member-expression-literals': [ '7.18.6' ],
136 silly audit   '@babel/plugin-transform-modules-amd': [ '7.20.11' ],
136 silly audit   '@babel/plugin-transform-modules-commonjs': [ '7.21.2' ],
136 silly audit   '@babel/plugin-transform-modules-systemjs': [ '7.20.11' ],
136 silly audit   '@babel/plugin-transform-modules-umd': [ '7.18.6' ],
136 silly audit   '@babel/plugin-transform-named-capturing-groups-regex': [ '7.20.5' ],
136 silly audit   '@babel/plugin-transform-new-target': [ '7.18.6' ],
136 silly audit   '@babel/plugin-transform-object-super': [ '7.18.6' ],
136 silly audit   '@babel/plugin-transform-parameters': [ '7.21.3' ],
136 silly audit   '@babel/plugin-transform-property-literals': [ '7.18.6' ],
136 silly audit   '@babel/plugin-transform-react-constant-elements': [ '7.21.3' ],
136 silly audit   '@babel/plugin-transform-react-display-name': [ '7.18.6' ],
136 silly audit   '@babel/plugin-transform-react-jsx': [ '7.21.0' ],
136 silly audit   '@babel/plugin-transform-react-jsx-development': [ '7.18.6' ],
136 silly audit   '@babel/plugin-transform-react-pure-annotations': [ '7.18.6' ],
136 silly audit   '@babel/plugin-transform-regenerator': [ '7.20.5' ],
136 silly audit   '@babel/plugin-transform-reserved-words': [ '7.18.6' ],
136 silly audit   '@babel/plugin-transform-runtime': [ '7.21.4' ],
136 silly audit   '@babel/plugin-transform-shorthand-properties': [ '7.18.6' ],
136 silly audit   '@babel/plugin-transform-spread': [ '7.20.7' ],
136 silly audit   '@babel/plugin-transform-sticky-regex': [ '7.18.6' ],
136 silly audit   '@babel/plugin-transform-template-literals': [ '7.18.9' ],
136 silly audit   '@babel/plugin-transform-typeof-symbol': [ '7.18.9' ],
136 silly audit   '@babel/plugin-transform-typescript': [ '7.21.3' ],
136 silly audit   '@babel/plugin-transform-unicode-escapes': [ '7.18.10' ],
136 silly audit   '@babel/plugin-transform-unicode-regex': [ '7.18.6' ],
136 silly audit   '@babel/preset-env': [ '7.21.4' ],
136 silly audit   '@babel/preset-modules': [ '0.1.5' ],
136 silly audit   '@babel/preset-react': [ '7.18.6' ],
136 silly audit   '@babel/preset-typescript': [ '7.21.4' ],
136 silly audit   '@babel/regjsgen': [ '0.8.0' ],
136 silly audit   '@babel/runtime': [ '7.21.0' ],
136 silly audit   '@babel/template': [ '7.20.7' ],
136 silly audit   '@babel/traverse': [ '7.21.4' ],
136 silly audit   '@babel/types': [ '7.21.4' ],
136 silly audit   '@bcoe/v8-coverage': [ '0.2.3' ],
136 silly audit   '@csstools/normalize.css': [ '12.0.0' ],
136 silly audit   '@csstools/postcss-cascade-layers': [ '1.1.1' ],
136 silly audit   '@csstools/postcss-color-function': [ '1.1.1' ],
136 silly audit   '@csstools/postcss-font-format-keywords': [ '1.0.1' ],
136 silly audit   '@csstools/postcss-hwb-function': [ '1.0.2' ],
136 silly audit   '@csstools/postcss-ic-unit': [ '1.0.1' ],
136 silly audit   '@csstools/postcss-is-pseudo-class': [ '2.0.7' ],
136 silly audit   '@csstools/postcss-nested-calc': [ '1.0.0' ],
136 silly audit   '@csstools/postcss-normalize-display-values': [ '1.0.1' ],
136 silly audit   '@csstools/postcss-oklab-function': [ '1.1.1' ],
136 silly audit   '@csstools/postcss-progressive-custom-properties': [ '1.3.0' ],
136 silly audit   '@csstools/postcss-stepped-value-functions': [ '1.0.1' ],
136 silly audit   '@csstools/postcss-text-decoration-shorthand': [ '1.0.0' ],
136 silly audit   '@csstools/postcss-trigonometric-functions': [ '1.0.2' ],
136 silly audit   '@csstools/postcss-unset-value': [ '1.0.2' ],
136 silly audit   '@csstools/selector-specificity': [ '2.2.0' ],
136 silly audit   '@eslint-community/eslint-utils': [ '4.4.0' ],
136 silly audit   '@eslint-community/regexpp': [ '4.5.0' ],
136 silly audit   '@eslint/eslintrc': [ '2.0.2' ],
136 silly audit   argparse: [ '2.0.1', '1.0.10' ],
136 silly audit   globals: [ '13.20.0', '11.12.0' ],
136 silly audit   'js-yaml': [ '4.1.0', '3.14.1' ],
136 silly audit   'type-fest': [ '0.20.2', '0.16.0', '0.21.3' ],
136 silly audit   '@eslint/js': [ '8.37.0' ],
136 silly audit   '@humanwhocodes/config-array': [ '0.11.8' ],
136 silly audit   '@humanwhocodes/module-importer': [ '1.0.1' ],
136 silly audit   '@humanwhocodes/object-schema': [ '1.2.1' ],
136 silly audit   '@istanbuljs/load-nyc-config': [ '1.1.0' ],
136 silly audit   camelcase: [ '5.3.1', '6.3.0' ],
136 silly audit   'find-up': [ '4.1.0', '5.0.0', '3.0.0' ],
136 silly audit   'locate-path': [ '5.0.0', '6.0.0', '3.0.0' ],
136 silly audit   'p-limit': [ '2.3.0', '3.1.0' ],
136 silly audit   'p-locate': [ '4.1.0', '5.0.0', '3.0.0' ],
136 silly audit   '@istanbuljs/schema': [ '0.1.3' ],
136 silly audit   '@jest/console': [ '27.5.1', '28.1.3' ],
136 silly audit   'ansi-styles': [ '4.3.0', '5.2.0', '3.2.1' ],
136 silly audit   chalk: [ '4.1.2', '3.0.0', '2.4.2' ],
136 silly audit   'color-convert': [ '2.0.1', '1.9.3' ],
136 silly audit   'color-name': [ '1.1.4', '1.1.3' ],
136 silly audit   'has-flag': [ '4.0.0', '3.0.0' ],
136 silly audit   'supports-color': [ '7.2.0', '8.1.1', '5.5.0' ],
136 silly audit   '@jest/core': [ '27.5.1' ],
136 silly audit   '@jest/environment': [ '27.5.1' ],
136 silly audit   '@jest/expect-utils': [ '29.5.0' ],
136 silly audit   'jest-get-type': [ '29.4.3', '27.5.1' ],
136 silly audit   '@jest/fake-timers': [ '27.5.1' ],
136 silly audit   '@jest/globals': [ '27.5.1' ],
136 silly audit   '@jest/reporters': [ '27.5.1' ],
136 silly audit   'source-map': [ '0.6.1', '0.7.4', '0.8.0-beta.0' ],
136 silly audit   '@jest/schemas': [ '28.1.3', '29.4.3' ],
136 silly audit   '@jest/source-map': [ '27.5.1' ],
136 silly audit   '@jest/test-result': [ '27.5.1', '28.1.3' ],
136 silly audit   '@jest/test-sequencer': [ '27.5.1' ],
136 silly audit   '@jest/transform': [ '27.5.1' ],
136 silly audit   '@jest/types': [ '27.5.1', '29.5.0', '28.1.3' ],
136 silly audit   '@jridgewell/resolve-uri': [ '3.1.0' ],
136 silly audit   '@jridgewell/set-array': [ '1.1.2' ],
136 silly audit   '@jridgewell/source-map': [ '0.3.2' ],
136 silly audit   '@jridgewell/sourcemap-codec': [ '1.4.14' ],
136 silly audit   '@jridgewell/trace-mapping': [ '0.3.17' ],
136 silly audit   '@leichtgewicht/ip-codec': [ '2.0.4' ],
136 silly audit   '@nicolo-ribaudo/eslint-scope-5-internals': [ '5.1.1-v1' ],
136 silly audit   'eslint-scope': [ '5.1.1', '7.1.1' ],
136 silly audit   estraverse: [ '4.3.0', '5.3.0' ],
136 silly audit   '@nodelib/fs.scandir': [ '2.1.5' ],
136 silly audit   '@nodelib/fs.stat': [ '2.0.5' ],
136 silly audit   '@nodelib/fs.walk': [ '1.2.8' ],
136 silly audit   '@pmmmwh/react-refresh-webpack-plugin': [ '0.5.10' ],
136 silly audit   '@reduxjs/toolkit': [ '1.9.3' ],
136 silly audit   '@rollup/plugin-babel': [ '5.3.1' ],
136 silly audit   '@rollup/plugin-node-resolve': [ '11.2.1' ],
136 silly audit   '@rollup/plugin-replace': [ '2.4.2' ],
136 silly audit   '@rollup/pluginutils': [ '3.1.0' ],
136 silly audit   '@types/estree': [ '0.0.39', '1.0.0', '0.0.51' ],
136 silly audit   '@rushstack/eslint-patch': [ '1.2.0' ],
136 silly audit   '@sinclair/typebox': [ '0.24.51', '0.25.24' ],
136 silly audit   '@sinonjs/commons': [ '1.8.6' ],
136 silly audit   '@sinonjs/fake-timers': [ '8.1.0' ],
136 silly audit   '@surma/rollup-plugin-off-main-thread': [ '2.2.3' ],
136 silly audit   '@svgr/babel-plugin-add-jsx-attribute': [ '5.4.0' ],
136 silly audit   '@svgr/babel-plugin-remove-jsx-attribute': [ '5.4.0' ],
136 silly audit   '@svgr/babel-plugin-remove-jsx-empty-expression': [ '5.0.1' ],
136 silly audit   '@svgr/babel-plugin-replace-jsx-attribute-value': [ '5.0.1' ],
136 silly audit   '@svgr/babel-plugin-svg-dynamic-title': [ '5.4.0' ],
136 silly audit   '@svgr/babel-plugin-svg-em-dimensions': [ '5.4.0' ],
136 silly audit   '@svgr/babel-plugin-transform-react-native-svg': [ '5.4.0' ],
136 silly audit   '@svgr/babel-plugin-transform-svg-component': [ '5.5.0' ],
136 silly audit   '@svgr/babel-preset': [ '5.5.0' ],
136 silly audit   '@svgr/core': [ '5.5.0' ],
136 silly audit   '@svgr/hast-util-to-babel-ast': [ '5.5.0' ],
136 silly audit   '@svgr/plugin-jsx': [ '5.5.0' ],
136 silly audit   '@svgr/plugin-svgo': [ '5.5.0' ],
136 silly audit   '@svgr/webpack': [ '5.5.0' ],
136 silly audit   '@testing-library/dom': [ '9.2.0', '8.20.0' ],
136 silly audit   '@testing-library/jest-dom': [ '5.16.5' ],
136 silly audit   '@testing-library/react': [ '13.4.0' ],
136 silly audit   '@testing-library/user-event': [ '13.5.0' ],
136 silly audit   '@tootallnate/once': [ '1.1.2' ],
136 silly audit   '@trysound/sax': [ '0.2.0' ],
136 silly audit   '@types/aria-query': [ '5.0.1' ],
136 silly audit   '@types/babel__core': [ '7.20.0' ],
136 silly audit   '@types/babel__generator': [ '7.6.4' ],
136 silly audit   '@types/babel__template': [ '7.4.1' ],
136 silly audit   '@types/babel__traverse': [ '7.18.3' ],
136 silly audit   '@types/body-parser': [ '1.19.2' ],
136 silly audit   '@types/bonjour': [ '3.5.10' ],
136 silly audit   '@types/connect': [ '3.4.35' ],
136 silly audit   '@types/connect-history-api-fallback': [ '1.3.5' ],
136 silly audit   '@types/eslint': [ '8.37.0' ],
136 silly audit   '@types/eslint-scope': [ '3.7.4' ],
136 silly audit   '@types/express': [ '4.17.17' ],
136 silly audit   '@types/express-serve-static-core': [ '4.17.33' ],
136 silly audit   '@types/graceful-fs': [ '4.1.6' ],
136 silly audit   '@types/hoist-non-react-statics': [ '3.3.1' ],
136 silly audit   '@types/html-minifier-terser': [ '6.1.0' ],
136 silly audit   '@types/http-proxy': [ '1.17.10' ],
136 silly audit   '@types/istanbul-lib-coverage': [ '2.0.4' ],
136 silly audit   '@types/istanbul-lib-report': [ '3.0.0' ],
136 silly audit   '@types/istanbul-reports': [ '3.0.1' ],
136 silly audit   '@types/jest': [ '29.5.0' ],
136 silly audit   '@types/yargs': [ '17.0.24', '16.0.5' ],
136 silly audit   'diff-sequences': [ '29.4.3', '27.5.1' ],
136 silly audit   expect: [ '29.5.0', '27.5.1' ],
136 silly audit   'jest-diff': [ '29.5.0', '27.5.1' ],
136 silly audit   'jest-matcher-utils': [ '29.5.0', '27.5.1' ],
136 silly audit   'jest-message-util': [ '29.5.0', '27.5.1', '28.1.3' ],
136 silly audit   'jest-util': [ '29.5.0', '27.5.1', '28.1.3' ],
136 silly audit   'pretty-format': [ '29.5.0', '28.1.3', '27.5.1' ],
136 silly audit   'react-is': [ '18.2.0', '16.13.1', '17.0.2' ],
136 silly audit   '@types/json-schema': [ '7.0.11' ],
136 silly audit   '@types/json5': [ '0.0.29' ],
136 silly audit   '@types/mime': [ '3.0.1' ],
136 silly audit   '@types/node': [ '18.15.11' ],
136 silly audit   '@types/parse-json': [ '4.0.0' ],
136 silly audit   '@types/prettier': [ '2.7.2' ],
136 silly audit   '@types/prop-types': [ '15.7.5' ],
136 silly audit   '@types/q': [ '1.5.5' ],
136 silly audit   '@types/qs': [ '6.9.7' ],
136 silly audit   '@types/range-parser': [ '1.2.4' ],
136 silly audit   '@types/react': [ '18.0.32' ],
136 silly audit   '@types/react-dom': [ '18.0.11' ],
136 silly audit   '@types/resolve': [ '1.17.1' ],
136 silly audit   '@types/retry': [ '0.12.0' ],
136 silly audit   '@types/scheduler': [ '0.16.3' ],
136 silly audit   '@types/semver': [ '7.3.13' ],
136 silly audit   '@types/serve-index': [ '1.9.1' ],
136 silly audit   '@types/serve-static': [ '1.15.1' ],
136 silly audit   '@types/sockjs': [ '0.3.33' ],
136 silly audit   '@types/stack-utils': [ '2.0.1' ],
136 silly audit   '@types/testing-library__jest-dom': [ '5.14.5' ],
136 silly audit   '@types/trusted-types': [ '2.0.3' ],
136 silly audit   '@types/use-sync-external-store': [ '0.0.3' ],
136 silly audit   '@types/ws': [ '8.5.4' ],
136 silly audit   '@types/yargs-parser': [ '21.0.0' ],
136 silly audit   '@typescript-eslint/eslint-plugin': [ '5.57.0' ],
136 silly audit   '@typescript-eslint/experimental-utils': [ '5.57.0' ],
136 silly audit   '@typescript-eslint/parser': [ '5.57.0' ],
136 silly audit   '@typescript-eslint/scope-manager': [ '5.57.0' ],
136 silly audit   '@typescript-eslint/type-utils': [ '5.57.0' ],
136 silly audit   '@typescript-eslint/types': [ '5.57.0' ],
136 silly audit   '@typescript-eslint/typescript-estree': [ '5.57.0' ],
136 silly audit   '@typescript-eslint/utils': [ '5.57.0' ],
136 silly audit   '@typescript-eslint/visitor-keys': [ '5.57.0' ],
136 silly audit   '@webassemblyjs/ast': [ '1.11.1' ],
136 silly audit   '@webassemblyjs/floating-point-hex-parser': [ '1.11.1' ],
136 silly audit   '@webassemblyjs/helper-api-error': [ '1.11.1' ],
136 silly audit   '@webassemblyjs/helper-buffer': [ '1.11.1' ],
136 silly audit   '@webassemblyjs/helper-numbers': [ '1.11.1' ],
136 silly audit   '@webassemblyjs/helper-wasm-bytecode': [ '1.11.1' ],
136 silly audit   '@webassemblyjs/helper-wasm-section': [ '1.11.1' ],
136 silly audit   '@webassemblyjs/ieee754': [ '1.11.1' ],
136 silly audit   '@webassemblyjs/leb128': [ '1.11.1' ],
136 silly audit   '@webassemblyjs/utf8': [ '1.11.1' ],
136 silly audit   '@webassemblyjs/wasm-edit': [ '1.11.1' ],
136 silly audit   '@webassemblyjs/wasm-gen': [ '1.11.1' ],
136 silly audit   '@webassemblyjs/wasm-opt': [ '1.11.1' ],
136 silly audit   '@webassemblyjs/wasm-parser': [ '1.11.1' ],
136 silly audit   '@webassemblyjs/wast-printer': [ '1.11.1' ],
136 silly audit   '@xtuc/ieee754': [ '1.2.0' ],
136 silly audit   '@xtuc/long': [ '4.2.2' ],
136 silly audit   abab: [ '2.0.6' ],
136 silly audit   accepts: [ '1.3.8' ],
136 silly audit   acorn: [ '8.8.2', '7.4.1' ],
136 silly audit   'acorn-globals': [ '6.0.0' ],
136 silly audit   'acorn-import-assertions': [ '1.8.0' ],
136 silly audit   'acorn-jsx': [ '5.3.2' ],
136 silly audit   'acorn-walk': [ '7.2.0' ],
136 silly audit   address: [ '1.2.2' ],
136 silly audit   'adjust-sourcemap-loader': [ '4.0.0' ],
136 silly audit   'agent-base': [ '6.0.2' ],
136 silly audit   ajv: [ '6.12.6', '8.12.0' ],
136 silly audit   'ajv-formats': [ '2.1.1' ],
136 silly audit   'json-schema-traverse': [ '1.0.0', '0.4.1' ],
136 silly audit   'ajv-keywords': [ '3.5.2', '5.1.0' ],
136 silly audit   'ansi-escapes': [ '4.3.2' ],
136 silly audit   'ansi-html-community': [ '0.0.8' ],
136 silly audit   'ansi-regex': [ '5.0.1', '6.0.1' ],
136 silly audit   'any-promise': [ '1.3.0' ],
136 silly audit   anymatch: [ '3.1.3' ],
136 silly audit   arg: [ '5.0.2' ],
136 silly audit   'aria-query': [ '5.1.3' ],
136 silly audit   'array-buffer-byte-length': [ '1.0.0' ],
136 silly audit   'array-flatten': [ '2.1.2', '1.1.1' ],
136 silly audit   'array-includes': [ '3.1.6' ],
136 silly audit   'array-union': [ '2.1.0' ],
136 silly audit   'array.prototype.flat': [ '1.3.1' ],
136 silly audit   'array.prototype.flatmap': [ '1.3.1' ],
136 silly audit   'array.prototype.reduce': [ '1.0.5' ],
136 silly audit   'array.prototype.tosorted': [ '1.1.1' ],
136 silly audit   asap: [ '2.0.6' ],
136 silly audit   'ast-types-flow': [ '0.0.7' ],
136 silly audit   async: [ '3.2.4' ],
136 silly audit   asynckit: [ '0.4.0' ],
136 silly audit   'at-least-node': [ '1.0.0' ],
136 silly audit   autoprefixer: [ '10.4.14' ],
136 silly audit   'available-typed-arrays': [ '1.0.5' ],
136 silly audit   'axe-core': [ '4.6.3' ],
136 silly audit   axios: [ '1.3.4' ],
136 silly audit   'form-data': [ '4.0.0', '3.0.1' ],
136 silly audit   'axobject-query': [ '3.1.1' ],
136 silly audit   'babel-jest': [ '27.5.1' ],
136 silly audit   'babel-loader': [ '8.3.0' ],
136 silly audit   'schema-utils': [ '2.7.1', '4.0.0', '2.7.0', '3.1.1' ],
136 silly audit   'babel-plugin-istanbul': [ '6.1.1' ],
136 silly audit   'babel-plugin-jest-hoist': [ '27.5.1' ],
136 silly audit   'babel-plugin-macros': [ '3.1.0' ],
136 silly audit   'babel-plugin-named-asset-import': [ '0.3.8' ],
136 silly audit   'babel-plugin-polyfill-corejs2': [ '0.3.3' ],
136 silly audit   'babel-plugin-polyfill-corejs3': [ '0.6.0' ],
136 silly audit   'babel-plugin-polyfill-regenerator': [ '0.4.1' ],
136 silly audit   'babel-plugin-transform-react-remove-prop-types': [ '0.4.24' ],
136 silly audit   'babel-preset-current-node-syntax': [ '1.0.1' ],
136 silly audit   'babel-preset-jest': [ '27.5.1' ],
136 silly audit   'babel-preset-react-app': [ '10.0.1' ],
136 silly audit   'balanced-match': [ '1.0.2' ],
136 silly audit   batch: [ '0.6.1' ],
136 silly audit   bfj: [ '7.0.2' ],
136 silly audit   'big.js': [ '5.2.2' ],
136 silly audit   'binary-extensions': [ '2.2.0' ],
136 silly audit   bluebird: [ '3.7.2' ],
136 silly audit   'body-parser': [ '1.20.1' ],
136 silly audit   bytes: [ '3.1.2', '3.0.0' ],
136 silly audit   debug: [ '2.6.9', '4.3.4', '3.2.7' ],
136 silly audit   'iconv-lite': [ '0.4.24', '0.6.3' ],
136 silly audit   ms: [ '2.0.0', '2.1.2', '2.1.3' ],
136 silly audit   'bonjour-service': [ '1.1.1' ],
136 silly audit   boolbase: [ '1.0.0' ],
136 silly audit   'brace-expansion': [ '1.1.11', '2.0.1' ],
136 silly audit   braces: [ '3.0.2' ],
136 silly audit   'browser-process-hrtime': [ '1.0.0' ],
136 silly audit   browserslist: [ '4.21.5' ],
136 silly audit   bser: [ '2.1.1' ],
136 silly audit   'buffer-from': [ '1.1.2' ],
136 silly audit   'builtin-modules': [ '3.3.0' ],
136 silly audit   'call-bind': [ '1.0.2' ],
136 silly audit   callsites: [ '3.1.0' ],
136 silly audit   'camel-case': [ '4.1.2' ],
136 silly audit   'camelcase-css': [ '2.0.1' ],
136 silly audit   'caniuse-api': [ '3.0.0' ],
136 silly audit   'caniuse-lite': [ '1.0.30001473' ],
136 silly audit   'case-sensitive-paths-webpack-plugin': [ '2.4.0' ],
136 silly audit   'char-regex': [ '1.0.2', '2.0.1' ],
136 silly audit   'check-types': [ '11.2.2' ],
136 silly audit   chokidar: [ '3.5.3' ],
136 silly audit   'glob-parent': [ '5.1.2', '6.0.2' ],
136 silly audit   'chrome-trace-event': [ '1.0.3' ],
136 silly audit   'ci-info': [ '3.8.0' ],
136 silly audit   'cjs-module-lexer': [ '1.2.2' ],
136 silly audit   'clean-css': [ '5.3.2' ],
136 silly audit   cliui: [ '7.0.4' ],
136 silly audit   co: [ '4.6.0' ],
136 silly audit   coa: [ '2.0.2' ],
136 silly audit   'collect-v8-coverage': [ '1.0.1' ],
136 silly audit   colord: [ '2.9.3' ],
136 silly audit   colorette: [ '2.0.19' ],
136 silly audit   'combined-stream': [ '1.0.8' ],
136 silly audit   commander: [ '8.3.0', '7.2.0', '4.1.1', '2.20.3' ],
136 silly audit   'common-path-prefix': [ '3.0.0' ],
136 silly audit   'common-tags': [ '1.8.2' ],
136 silly audit   commondir: [ '1.0.1' ],
136 silly audit   compressible: [ '2.0.18' ],
136 silly audit   compression: [ '1.7.4' ],
136 silly audit   'safe-buffer': [ '5.1.2', '5.2.1' ],
136 silly audit   'concat-map': [ '0.0.1' ],
136 silly audit   'confusing-browser-globals': [ '1.0.11' ],
136 silly audit   'connect-history-api-fallback': [ '2.0.0' ],
136 silly audit   'content-disposition': [ '0.5.4' ],
136 silly audit   'content-type': [ '1.0.5' ],
136 silly audit   'convert-source-map': [ '1.9.0' ],
136 silly audit   cookie: [ '0.5.0' ],
136 silly audit   'cookie-signature': [ '1.0.6' ],
136 silly audit   'core-js': [ '3.29.1' ],
136 silly audit   'core-js-compat': [ '3.29.1' ],
136 silly audit   'core-js-pure': [ '3.29.1' ],
136 silly audit   'core-util-is': [ '1.0.3' ],
136 silly audit   cosmiconfig: [ '7.1.0', '6.0.0' ],
136 silly audit   'cross-spawn': [ '7.0.3' ],
136 silly audit   'crypto-random-string': [ '2.0.0' ],
136 silly audit   'css-blank-pseudo': [ '3.0.3' ],
136 silly audit   'css-declaration-sorter': [ '6.4.0' ],
136 silly audit   'css-has-pseudo': [ '3.0.4' ],
136 silly audit   'css-loader': [ '6.7.3' ],
136 silly audit   'css-minimizer-webpack-plugin': [ '3.4.1' ],
136 silly audit   'css-prefers-color-scheme': [ '6.0.3' ],
136 silly audit   'css-select': [ '4.3.0', '2.1.0' ],
136 silly audit   'css-select-base-adapter': [ '0.1.1' ],
136 silly audit   'css-tree': [ '1.0.0-alpha.37', '1.1.3' ],
136 silly audit   'css-what': [ '6.1.0', '3.4.2' ],
136 silly audit   'css.escape': [ '1.5.1' ],
136 silly audit   cssdb: [ '7.5.3' ],
136 silly audit   cssesc: [ '3.0.0' ],
136 silly audit   cssnano: [ '5.1.15' ],
136 silly audit   'cssnano-preset-default': [ '5.2.14' ],
136 silly audit   'cssnano-utils': [ '3.1.0' ],
136 silly audit   csso: [ '4.2.0' ],
136 silly audit   'mdn-data': [ '2.0.14', '2.0.4' ],
136 silly audit   cssom: [ '0.4.4', '0.3.8' ],
136 silly audit   cssstyle: [ '2.3.0' ],
136 silly audit   csstype: [ '3.1.2' ],
136 silly audit   'damerau-levenshtein': [ '1.0.8' ],
136 silly audit   'data-urls': [ '2.0.0' ],
136 silly audit   'decimal.js': [ '10.4.3' ],
136 silly audit   dedent: [ '0.7.0' ],
136 silly audit   'deep-equal': [ '2.2.0' ],
136 silly audit   'deep-is': [ '0.1.4' ],
136 silly audit   deepmerge: [ '4.3.1' ],
136 silly audit   'default-gateway': [ '6.0.3' ],
136 silly audit   'define-lazy-prop': [ '2.0.0' ],
136 silly audit   'define-properties': [ '1.2.0' ],
136 silly audit   'delayed-stream': [ '1.0.0' ],
136 silly audit   depd: [ '2.0.0', '1.1.2' ],
136 silly audit   destroy: [ '1.2.0' ],
136 silly audit   'detect-newline': [ '3.1.0' ],
136 silly audit   'detect-node': [ '2.1.0' ],
136 silly audit   'detect-port-alt': [ '1.1.6' ],
136 silly audit   didyoumean: [ '1.2.2' ],
136 silly audit   'dir-glob': [ '3.0.1' ],
136 silly audit   dlv: [ '1.1.3' ],
136 silly audit   'dns-equal': [ '1.0.0' ],
136 silly audit   'dns-packet': [ '5.5.0' ],
136 silly audit   doctrine: [ '3.0.0', '2.1.0' ],
136 silly audit   'dom-accessibility-api': [ '0.5.16' ],
136 silly audit   'dom-converter': [ '0.2.0' ],
136 silly audit   'dom-serializer': [ '1.4.1', '0.2.2' ],
136 silly audit   domelementtype: [ '2.3.0', '1.3.1' ],
136 silly audit   domexception: [ '2.0.1' ],
136 silly audit   'webidl-conversions': [ '5.0.0', '6.1.0', '4.0.2' ],
136 silly audit   domhandler: [ '4.3.1' ],
136 silly audit   domutils: [ '2.8.0', '1.7.0' ],
136 silly audit   'dot-case': [ '3.0.4' ],
136 silly audit   dotenv: [ '10.0.0' ],
136 silly audit   'dotenv-expand': [ '5.1.0' ],
136 silly audit   duplexer: [ '0.1.2' ],
136 silly audit   'ee-first': [ '1.1.1' ],
136 silly audit   ejs: [ '3.1.9' ],
136 silly audit   'electron-to-chromium': [ '1.4.348' ],
136 silly audit   emittery: [ '0.8.1', '0.10.2' ],
136 silly audit   'emoji-regex': [ '9.2.2', '8.0.0' ],
136 silly audit   'emojis-list': [ '3.0.0' ],
136 silly audit   encodeurl: [ '1.0.2' ],
136 silly audit   'enhanced-resolve': [ '5.12.0' ],
136 silly audit   entities: [ '2.2.0' ],
136 silly audit   'error-ex': [ '1.3.2' ],
136 silly audit   'error-stack-parser': [ '2.1.4' ],
136 silly audit   'es-abstract': [ '1.21.2' ],
136 silly audit   'es-array-method-boxes-properly': [ '1.0.0' ],
136 silly audit   'es-get-iterator': [ '1.1.3' ],
136 silly audit   'es-module-lexer': [ '0.9.3' ],
136 silly audit   'es-set-tostringtag': [ '2.0.1' ],
136 silly audit   'es-shim-unscopables': [ '1.0.0' ],
136 silly audit   'es-to-primitive': [ '1.2.1' ],
136 silly audit   escalade: [ '3.1.1' ],
136 silly audit   'escape-html': [ '1.0.3' ],
136 silly audit   'escape-string-regexp': [ '1.0.5', '4.0.0', '2.0.0' ],
136 silly audit   escodegen: [ '2.0.0' ],
136 silly audit   levn: [ '0.3.0', '0.4.1' ],
136 silly audit   optionator: [ '0.8.3', '0.9.1' ],
136 silly audit   'prelude-ls': [ '1.1.2', '1.2.1' ],
136 silly audit   'type-check': [ '0.3.2', '0.4.0' ],
136 silly audit   eslint: [ '8.37.0' ],
136 silly audit   'eslint-config-react-app': [ '7.0.1' ],
136 silly audit   'eslint-import-resolver-node': [ '0.3.7' ],
136 silly audit   'eslint-module-utils': [ '2.7.4' ],
136 silly audit   'eslint-plugin-flowtype': [ '8.0.3' ],
136 silly audit   'eslint-plugin-import': [ '2.27.5' ],
136 silly audit   'eslint-plugin-jest': [ '25.7.0' ],
136 silly audit   'eslint-plugin-jsx-a11y': [ '6.7.1' ],
136 silly audit   'eslint-plugin-react': [ '7.32.2' ],
136 silly audit   'eslint-plugin-react-hooks': [ '4.6.0' ],
136 silly audit   resolve: [ '2.0.0-next.4', '1.22.1' ],
136 silly audit   'eslint-plugin-testing-library': [ '5.10.2' ],
136 silly audit   'eslint-webpack-plugin': [ '3.2.0' ],
136 silly audit   'jest-worker': [ '28.1.3', '27.5.1', '26.6.2' ],
136 silly audit   espree: [ '9.5.1' ],
136 silly audit   esprima: [ '4.0.1' ],
136 silly audit   esquery: [ '1.5.0' ],
136 silly audit   esrecurse: [ '4.3.0' ],
136 silly audit   'estree-walker': [ '1.0.1' ],
136 silly audit   esutils: [ '2.0.3' ],
136 silly audit   etag: [ '1.8.1' ],
136 silly audit   eventemitter3: [ '4.0.7' ],
136 silly audit   events: [ '3.3.0' ],
136 silly audit   execa: [ '5.1.1' ],
136 silly audit   exit: [ '0.1.2' ],
136 silly audit   express: [ '4.18.2' ],
136 silly audit   'fast-deep-equal': [ '3.1.3' ],
136 silly audit   'fast-glob': [ '3.2.12' ],
136 silly audit   'fast-json-stable-stringify': [ '2.1.0' ],
136 silly audit   'fast-levenshtein': [ '2.0.6' ],
136 silly audit   fastq: [ '1.15.0' ],
136 silly audit   'faye-websocket': [ '0.11.4' ],
136 silly audit   'fb-watchman': [ '2.0.2' ],
136 silly audit   'file-entry-cache': [ '6.0.1' ],
136 silly audit   'file-loader': [ '6.2.0' ],
136 silly audit   filelist: [ '1.0.4' ],
136 silly audit   minimatch: [ '5.1.6', '3.1.2' ],
136 silly audit   filesize: [ '8.0.7' ],
136 silly audit   'fill-range': [ '7.0.1' ],
136 silly audit   finalhandler: [ '1.2.0' ],
136 silly audit   'find-cache-dir': [ '3.3.2' ],
136 silly audit   'flat-cache': [ '3.0.4' ],
136 silly audit   flatted: [ '3.2.7' ],
136 silly audit   'follow-redirects': [ '1.15.2' ],
136 silly audit   'for-each': [ '0.3.3' ],
136 silly audit   'fork-ts-checker-webpack-plugin': [ '6.5.3' ],
136 silly audit   'fs-extra': [ '9.1.0', '10.1.0' ],
136 silly audit   tapable: [ '1.1.3', '2.2.1' ],
136 silly audit   forwarded: [ '0.2.0' ],
136 silly audit   'fraction.js': [ '4.2.0' ],
136 silly audit   fresh: [ '0.5.2' ],
136 silly audit   'fs-monkey': [ '1.0.3' ],
136 silly audit   'fs.realpath': [ '1.0.0' ],
136 silly audit   fsevents: [ '2.3.2' ],
136 silly audit   'function-bind': [ '1.1.1' ],
136 silly audit   'function.prototype.name': [ '1.1.5' ],
136 silly audit   'functions-have-names': [ '1.2.3' ],
136 silly audit   gensync: [ '1.0.0-beta.2' ],
136 silly audit   'get-caller-file': [ '2.0.5' ],
136 silly audit   'get-intrinsic': [ '1.2.0' ],
136 silly audit   'get-own-enumerable-property-symbols': [ '3.0.2' ],
136 silly audit   'get-package-type': [ '0.1.0' ],
136 silly audit   'get-stream': [ '6.0.1' ],
136 silly audit   'get-symbol-description': [ '1.0.0' ],
136 silly audit   glob: [ '7.2.3', '7.1.6' ],
136 silly audit   'glob-to-regexp': [ '0.4.1' ],
136 silly audit   'global-modules': [ '2.0.0' ],
136 silly audit   'global-prefix': [ '3.0.0' ],
136 silly audit   which: [ '1.3.1', '2.0.2' ],
136 silly audit   globalthis: [ '1.0.3' ],
136 silly audit   globby: [ '11.1.0' ],
136 silly audit   gopd: [ '1.0.1' ],
136 silly audit   'graceful-fs': [ '4.2.11' ],
136 silly audit   'grapheme-splitter': [ '1.0.4' ],
136 silly audit   'gzip-size': [ '6.0.0' ],
136 silly audit   'handle-thing': [ '2.0.1' ],
136 silly audit   'harmony-reflect': [ '1.6.2' ],
136 silly audit   has: [ '1.0.3' ],
136 silly audit   'has-bigints': [ '1.0.2' ],
136 silly audit   'has-property-descriptors': [ '1.0.0' ],
136 silly audit   'has-proto': [ '1.0.1' ],
136 silly audit   'has-symbols': [ '1.0.3' ],
136 silly audit   'has-tostringtag': [ '1.0.0' ],
136 silly audit   he: [ '1.2.0' ],
136 silly audit   'hoist-non-react-statics': [ '3.3.2' ],
136 silly audit   hoopy: [ '0.1.4' ],
136 silly audit   'hpack.js': [ '2.1.6' ],
136 silly audit   isarray: [ '1.0.0', '2.0.5' ],
136 silly audit   'readable-stream': [ '2.3.8', '3.6.2' ],
136 silly audit   string_decoder: [ '1.1.1', '1.3.0' ],
136 silly audit   'html-encoding-sniffer': [ '2.0.1' ],
136 silly audit   'html-entities': [ '2.3.3' ],
136 silly audit   'html-escaper': [ '2.0.2' ],
136 silly audit   'html-minifier-terser': [ '6.1.0' ],
136 silly audit   'html-webpack-plugin': [ '5.5.0' ],
136 silly audit   htmlparser2: [ '6.1.0' ],
136 silly audit   'http-deceiver': [ '1.2.7' ],
136 silly audit   'http-errors': [ '2.0.0', '1.6.3' ],
136 silly audit   'http-parser-js': [ '0.5.8' ],
136 silly audit   'http-proxy': [ '1.18.1' ],
136 silly audit   'http-proxy-agent': [ '4.0.1' ],
136 silly audit   'http-proxy-middleware': [ '2.0.6' ],
136 silly audit   'https-proxy-agent': [ '5.0.1' ],
136 silly audit   'human-signals': [ '2.1.0' ],
136 silly audit   'icss-utils': [ '5.1.0' ],
136 silly audit   idb: [ '7.1.1' ],
136 silly audit   'identity-obj-proxy': [ '3.0.0' ],
136 silly audit   ignore: [ '5.2.4' ],
136 silly audit   immer: [ '9.0.21' ],
136 silly audit   'import-fresh': [ '3.3.0' ],
136 silly audit   'resolve-from': [ '4.0.0', '5.0.0' ],
136 silly audit   'import-local': [ '3.1.0' ],
136 silly audit   imurmurhash: [ '0.1.4' ],
136 silly audit   'indent-string': [ '4.0.0' ],
136 silly audit   inflight: [ '1.0.6' ],
136 silly audit   inherits: [ '2.0.4', '2.0.3' ],
136 silly audit   ini: [ '1.3.8' ],
136 silly audit   'internal-slot': [ '1.0.5' ],
136 silly audit   'ipaddr.js': [ '2.0.1', '1.9.1' ],
136 silly audit   'is-arguments': [ '1.1.1' ],
136 silly audit   'is-array-buffer': [ '3.0.2' ],
136 silly audit   'is-arrayish': [ '0.2.1' ],
136 silly audit   'is-bigint': [ '1.0.4' ],
136 silly audit   'is-binary-path': [ '2.1.0' ],
136 silly audit   'is-boolean-object': [ '1.1.2' ],
136 silly audit   'is-callable': [ '1.2.7' ],
136 silly audit   'is-core-module': [ '2.11.0' ],
136 silly audit   'is-date-object': [ '1.0.5' ],
136 silly audit   'is-docker': [ '2.2.1' ],
136 silly audit   'is-extglob': [ '2.1.1' ],
136 silly audit   'is-fullwidth-code-point': [ '3.0.0' ],
136 silly audit   'is-generator-fn': [ '2.1.0' ],
136 silly audit   'is-glob': [ '4.0.3' ],
136 silly audit   'is-map': [ '2.0.2' ],
136 silly audit   'is-module': [ '1.0.0' ],
136 silly audit   'is-negative-zero': [ '2.0.2' ],
136 silly audit   'is-number': [ '7.0.0' ],
136 silly audit   'is-number-object': [ '1.0.7' ],
136 silly audit   'is-obj': [ '1.0.1' ],
136 silly audit   'is-path-inside': [ '3.0.3' ],
136 silly audit   'is-plain-obj': [ '3.0.0' ],
136 silly audit   'is-potential-custom-element-name': [ '1.0.1' ],
136 silly audit   'is-regex': [ '1.1.4' ],
136 silly audit   'is-regexp': [ '1.0.0' ],
136 silly audit   'is-root': [ '2.1.0' ],
136 silly audit   'is-set': [ '2.0.2' ],
136 silly audit   'is-shared-array-buffer': [ '1.0.2' ],
136 silly audit   'is-stream': [ '2.0.1' ],
136 silly audit   'is-string': [ '1.0.7' ],
136 silly audit   'is-symbol': [ '1.0.4' ],
136 silly audit   'is-typed-array': [ '1.1.10' ],
136 silly audit   'is-typedarray': [ '1.0.0' ],
136 silly audit   'is-weakmap': [ '2.0.1' ],
136 silly audit   'is-weakref': [ '1.0.2' ],
136 silly audit   'is-weakset': [ '2.0.2' ],
136 silly audit   'is-wsl': [ '2.2.0' ],
136 silly audit   isexe: [ '2.0.0' ],
136 silly audit   'istanbul-lib-coverage': [ '3.2.0' ],
136 silly audit   'istanbul-lib-instrument': [ '5.2.1' ],
136 silly audit   'istanbul-lib-report': [ '3.0.0' ],
136 silly audit   'istanbul-lib-source-maps': [ '4.0.1' ],
136 silly audit   'istanbul-reports': [ '3.1.5' ],
136 silly audit   jake: [ '10.8.5' ],
136 silly audit   jest: [ '27.5.1' ],
136 silly audit   'jest-changed-files': [ '27.5.1' ],
136 silly audit   'jest-circus': [ '27.5.1' ],
136 silly audit   'jest-cli': [ '27.5.1' ],
136 silly audit   'jest-config': [ '27.5.1' ],
136 silly audit   'jest-docblock': [ '27.5.1' ],
136 silly audit   'jest-each': [ '27.5.1' ],
136 silly audit   'jest-environment-jsdom': [ '27.5.1' ],
136 silly audit   'jest-environment-node': [ '27.5.1' ],
136 silly audit   'jest-haste-map': [ '27.5.1' ],
136 silly audit   'jest-jasmine2': [ '27.5.1' ],
136 silly audit   'jest-leak-detector': [ '27.5.1' ],
136 silly audit   'jest-mock': [ '27.5.1' ],
136 silly audit   'jest-pnp-resolver': [ '1.2.3' ],
136 silly audit   'jest-regex-util': [ '27.5.1', '28.0.2' ],
136 silly audit   'jest-resolve': [ '27.5.1' ],
136 silly audit   'jest-resolve-dependencies': [ '27.5.1' ],
136 silly audit   'jest-runner': [ '27.5.1' ],
136 silly audit   'jest-runtime': [ '27.5.1' ],
136 silly audit   'jest-serializer': [ '27.5.1' ],
136 silly audit   'jest-snapshot': [ '27.5.1' ],
136 silly audit   'jest-validate': [ '27.5.1' ],
136 silly audit   'jest-watch-typeahead': [ '1.1.0' ],
136 silly audit   slash: [ '3.0.0', '4.0.0' ],
136 silly audit   'jest-watcher': [ '28.1.3', '27.5.1' ],
136 silly audit   'string-length': [ '4.0.2', '5.0.1' ],
136 silly audit   'strip-ansi': [ '6.0.1', '7.0.1' ],
136 silly audit   jiti: [ '1.18.2' ],
136 silly audit   'js-sdsl': [ '4.4.0' ],
136 silly audit   'js-tokens': [ '4.0.0' ],
136 silly audit   jsdom: [ '16.7.0' ],
136 silly audit   jsesc: [ '2.5.2', '0.5.0' ],
136 silly audit   'json-parse-even-better-errors': [ '2.3.1' ],
136 silly audit   'json-schema': [ '0.4.0' ],
136 silly audit   'json-stable-stringify-without-jsonify': [ '1.0.1' ],
136 silly audit   json5: [ '2.2.3', '1.0.2' ],
136 silly audit   jsonfile: [ '6.1.0' ],
136 silly audit   jsonpointer: [ '5.0.1' ],
136 silly audit   'jsx-ast-utils': [ '3.3.3' ],
136 silly audit   'kind-of': [ '6.0.3' ],
136 silly audit   kleur: [ '3.0.3' ],
136 silly audit   klona: [ '2.0.6' ],
136 silly audit   'language-subtag-registry': [ '0.3.22' ],
136 silly audit   'language-tags': [ '1.0.5' ],
136 silly audit   'launch-editor': [ '2.6.0' ],
136 silly audit   leven: [ '3.1.0' ],
136 silly audit   lilconfig: [ '2.1.0' ],
136 silly audit   'lines-and-columns': [ '1.2.4' ],
136 silly audit   'loader-runner': [ '4.3.0' ],
136 silly audit   'loader-utils': [ '2.0.4', '3.2.1' ],
136 silly audit   lodash: [ '4.17.21' ],
136 silly audit   'lodash.debounce': [ '4.0.8' ],
136 silly audit   'lodash.memoize': [ '4.1.2' ],
136 silly audit   'lodash.merge': [ '4.6.2' ],
136 silly audit   'lodash.sortby': [ '4.7.0' ],
136 silly audit   'lodash.uniq': [ '4.5.0' ],
136 silly audit   'loose-envify': [ '1.4.0' ],
136 silly audit   'lower-case': [ '2.0.2' ],
136 silly audit   'lru-cache': [ '5.1.1', '6.0.0' ],
136 silly audit   'lz-string': [ '1.5.0' ],
136 silly audit   'magic-string': [ '0.25.9' ],
136 silly audit   'make-dir': [ '3.1.0' ],
136 silly audit   makeerror: [ '1.0.12' ],
136 silly audit   'media-typer': [ '0.3.0' ],
136 silly audit   memfs: [ '3.4.13' ],
136 silly audit   'merge-descriptors': [ '1.0.1' ],
136 silly audit   'merge-stream': [ '2.0.0' ],
136 silly audit   merge2: [ '1.4.1' ],
136 silly audit   methods: [ '1.1.2' ],
136 silly audit   micromatch: [ '4.0.5' ],
136 silly audit   mime: [ '1.6.0' ],
136 silly audit   'mime-db': [ '1.52.0' ],
136 silly audit   'mime-types': [ '2.1.35' ],
136 silly audit   'mimic-fn': [ '2.1.0' ],
136 silly audit   'min-indent': [ '1.0.1' ],
136 silly audit   'mini-css-extract-plugin': [ '2.7.5' ],
136 silly audit   'minimalistic-assert': [ '1.0.1' ],
136 silly audit   minimist: [ '1.2.8' ],
136 silly audit   mkdirp: [ '0.5.6' ],
136 silly audit   'multicast-dns': [ '7.2.5' ],
136 silly audit   mz: [ '2.7.0' ],
136 silly audit   nanoid: [ '3.3.6' ],
136 silly audit   'natural-compare': [ '1.4.0' ],
136 silly audit   'natural-compare-lite': [ '1.4.0' ],
136 silly audit   negotiator: [ '0.6.3' ],
136 silly audit   'neo-async': [ '2.6.2' ],
136 silly audit   'no-case': [ '3.0.4' ],
136 silly audit   'node-forge': [ '1.3.1' ],
136 silly audit   'node-int64': [ '0.4.0' ],
136 silly audit   'node-releases': [ '2.0.10' ],
136 silly audit   'normalize-path': [ '3.0.0' ],
136 silly audit   'normalize-range': [ '0.1.2' ],
136 silly audit   'normalize-url': [ '6.1.0' ],
136 silly audit   'npm-run-path': [ '4.0.1' ],
136 silly audit   'nth-check': [ '2.1.1', '1.0.2' ],
136 silly audit   nwsapi: [ '2.2.2' ],
136 silly audit   'object-assign': [ '4.1.1' ],
136 silly audit   'object-hash': [ '3.0.0' ],
136 silly audit   'object-inspect': [ '1.12.3' ],
136 silly audit   'object-is': [ '1.1.5' ],
136 silly audit   'object-keys': [ '1.1.1' ],
136 silly audit   'object.assign': [ '4.1.4' ],
136 silly audit   'object.entries': [ '1.1.6' ],
136 silly audit   'object.fromentries': [ '2.0.6' ],
136 silly audit   'object.getownpropertydescriptors': [ '2.1.5' ],
136 silly audit   'object.hasown': [ '1.1.2' ],
136 silly audit   'object.values': [ '1.1.6' ],
136 silly audit   obuf: [ '1.1.2' ],
136 silly audit   'on-finished': [ '2.4.1' ],
136 silly audit   'on-headers': [ '1.0.2' ],
136 silly audit   once: [ '1.4.0' ],
136 silly audit   onetime: [ '5.1.2' ],
136 silly audit   open: [ '8.4.2' ],
136 silly audit   'p-retry': [ '4.6.2' ],
136 silly audit   'p-try': [ '2.2.0' ],
136 silly audit   'param-case': [ '3.0.4' ],
136 silly audit   'parent-module': [ '1.0.1' ],
136 silly audit   'parse-json': [ '5.2.0' ],
136 silly audit   parse5: [ '6.0.1' ],
136 silly audit   parseurl: [ '1.3.3' ],
136 silly audit   'pascal-case': [ '3.1.2' ],
136 silly audit   'path-exists': [ '4.0.0', '3.0.0' ],
136 silly audit   'path-is-absolute': [ '1.0.1' ],
136 silly audit   'path-key': [ '3.1.1' ],
136 silly audit   'path-parse': [ '1.0.7' ],
136 silly audit   'path-to-regexp': [ '0.1.7' ],
136 silly audit   'path-type': [ '4.0.0' ],
136 silly audit   'performance-now': [ '2.1.0' ],
136 silly audit   picocolors: [ '1.0.0', '0.2.1' ],
136 silly audit   picomatch: [ '2.3.1' ],
136 silly audit   pify: [ '2.3.0' ],
136 silly audit   pirates: [ '4.0.5' ],
136 silly audit   'pkg-dir': [ '4.2.0' ],
136 silly audit   'pkg-up': [ '3.1.0' ],
136 silly audit   postcss: [ '8.4.21', '7.0.39' ],
136 silly audit   'postcss-attribute-case-insensitive': [ '5.0.2' ],
136 silly audit   'postcss-browser-comments': [ '4.0.0' ],
136 silly audit   'postcss-calc': [ '8.2.4' ],
136 silly audit   'postcss-clamp': [ '4.1.0' ],
136 silly audit   'postcss-color-functional-notation': [ '4.2.4' ],
136 silly audit   'postcss-color-hex-alpha': [ '8.0.4' ],
136 silly audit   'postcss-color-rebeccapurple': [ '7.1.1' ],
136 silly audit   'postcss-colormin': [ '5.3.1' ],
136 silly audit   'postcss-convert-values': [ '5.1.3' ],
136 silly audit   'postcss-custom-media': [ '8.0.2' ],
136 silly audit   'postcss-custom-properties': [ '12.1.11' ],
136 silly audit   'postcss-custom-selectors': [ '6.0.3' ],
136 silly audit   'postcss-dir-pseudo-class': [ '6.0.5' ],
136 silly audit   'postcss-discard-comments': [ '5.1.2' ],
136 silly audit   'postcss-discard-duplicates': [ '5.1.0' ],
136 silly audit   'postcss-discard-empty': [ '5.1.1' ],
136 silly audit   'postcss-discard-overridden': [ '5.1.0' ],
136 silly audit   'postcss-double-position-gradients': [ '3.1.2' ],
136 silly audit   'postcss-env-function': [ '4.0.6' ],
136 silly audit   'postcss-flexbugs-fixes': [ '5.0.2' ],
136 silly audit   'postcss-focus-visible': [ '6.0.4' ],
136 silly audit   'postcss-focus-within': [ '5.0.4' ],
136 silly audit   'postcss-font-variant': [ '5.0.0' ],
136 silly audit   'postcss-gap-properties': [ '3.0.5' ],
136 silly audit   'postcss-image-set-function': [ '4.0.7' ],
136 silly audit   'postcss-import': [ '14.1.0' ],
136 silly audit   'postcss-initial': [ '4.0.1' ],
136 silly audit   'postcss-js': [ '4.0.1' ],
136 silly audit   'postcss-lab-function': [ '4.2.1' ],
136 silly audit   'postcss-load-config': [ '3.1.4' ],
136 silly audit   'postcss-loader': [ '6.2.1' ],
136 silly audit   'postcss-logical': [ '5.0.4' ],
136 silly audit   'postcss-media-minmax': [ '5.0.0' ],
136 silly audit   'postcss-merge-longhand': [ '5.1.7' ],
136 silly audit   'postcss-merge-rules': [ '5.1.4' ],
136 silly audit   'postcss-minify-font-values': [ '5.1.0' ],
136 silly audit   'postcss-minify-gradients': [ '5.1.1' ],
136 silly audit   'postcss-minify-params': [ '5.1.4' ],
136 silly audit   'postcss-minify-selectors': [ '5.2.1' ],
136 silly audit   'postcss-modules-extract-imports': [ '3.0.0' ],
136 silly audit   'postcss-modules-local-by-default': [ '4.0.0' ],
136 silly audit   'postcss-modules-scope': [ '3.0.0' ],
136 silly audit   'postcss-modules-values': [ '4.0.0' ],
136 silly audit   'postcss-nested': [ '6.0.0' ],
136 silly audit   'postcss-nesting': [ '10.2.0' ],
136 silly audit   'postcss-normalize': [ '10.0.1' ],
136 silly audit   'postcss-normalize-charset': [ '5.1.0' ],
136 silly audit   'postcss-normalize-display-values': [ '5.1.0' ],
136 silly audit   'postcss-normalize-positions': [ '5.1.1' ],
136 silly audit   'postcss-normalize-repeat-style': [ '5.1.1' ],
136 silly audit   'postcss-normalize-string': [ '5.1.0' ],
136 silly audit   'postcss-normalize-timing-functions': [ '5.1.0' ],
136 silly audit   'postcss-normalize-unicode': [ '5.1.1' ],
136 silly audit   'postcss-normalize-url': [ '5.1.0' ],
136 silly audit   'postcss-normalize-whitespace': [ '5.1.1' ],
136 silly audit   'postcss-opacity-percentage': [ '1.1.3' ],
136 silly audit   'postcss-ordered-values': [ '5.1.3' ],
136 silly audit   'postcss-overflow-shorthand': [ '3.0.4' ],
136 silly audit   'postcss-page-break': [ '3.0.4' ],
136 silly audit   'postcss-place': [ '7.0.5' ],
136 silly audit   'postcss-preset-env': [ '7.8.3' ],
136 silly audit   'postcss-pseudo-class-any-link': [ '7.1.6' ],
136 silly audit   'postcss-reduce-initial': [ '5.1.2' ],
136 silly audit   'postcss-reduce-transforms': [ '5.1.0' ],
136 silly audit   'postcss-replace-overflow-wrap': [ '4.0.0' ],
136 silly audit   'postcss-selector-not': [ '6.0.1' ],
136 silly audit   'postcss-selector-parser': [ '6.0.11' ],
136 silly audit   'postcss-svgo': [ '5.1.0' ],
136 silly audit   svgo: [ '2.8.0', '1.3.2' ],
136 silly audit   'postcss-unique-selectors': [ '5.1.1' ],
136 silly audit   'postcss-value-parser': [ '4.2.0' ],
136 silly audit   'pretty-bytes': [ '5.6.0' ],
136 silly audit   'pretty-error': [ '4.0.0' ],
136 silly audit   'process-nextick-args': [ '2.0.1' ],
136 silly audit   promise: [ '8.3.0' ],
136 silly audit   prompts: [ '2.4.2' ],
136 silly audit   'prop-types': [ '15.8.1' ],
136 silly audit   'proxy-addr': [ '2.0.7' ],
136 silly audit   'proxy-from-env': [ '1.1.0' ],
136 silly audit   psl: [ '1.9.0' ],
136 silly audit   punycode: [ '2.3.0' ],
136 silly audit   q: [ '1.5.1' ],
136 silly audit   qs: [ '6.11.0' ],
136 silly audit   querystringify: [ '2.2.0' ],
136 silly audit   'queue-microtask': [ '1.2.3' ],
136 silly audit   'quick-lru': [ '5.1.1' ],
136 silly audit   raf: [ '3.4.1' ],
136 silly audit   randombytes: [ '2.1.0' ],
136 silly audit   'range-parser': [ '1.2.1' ],
136 silly audit   'raw-body': [ '2.5.1' ],
136 silly audit   react: [ '18.2.0' ],
136 silly audit   'react-app-polyfill': [ '3.0.0' ],
136 silly audit   'react-dev-utils': [ '12.0.1' ],
136 silly audit   'react-dom': [ '18.2.0' ],
136 silly audit   'react-error-overlay': [ '6.0.11' ],
136 silly audit   'react-redux': [ '8.0.5' ],
136 silly audit   'react-refresh': [ '0.11.0' ],
136 silly audit   'react-scripts': [ '5.0.1' ],
136 silly audit   'read-cache': [ '1.0.0' ],
136 silly audit   readdirp: [ '3.6.0' ],
136 silly audit   'recursive-readdir': [ '2.2.3' ],
136 silly audit   redent: [ '3.0.0' ],
136 silly audit   redux: [ '4.2.1' ],
136 silly audit   'redux-thunk': [ '2.4.2' ],
136 silly audit   regenerate: [ '1.4.2' ],
136 silly audit   'regenerate-unicode-properties': [ '10.1.0' ],
136 silly audit   'regenerator-runtime': [ '0.13.11' ],
136 silly audit   'regenerator-transform': [ '0.15.1' ],
136 silly audit   'regex-parser': [ '2.2.11' ],
136 silly audit   'regexp.prototype.flags': [ '1.4.3' ],
136 silly audit   'regexpu-core': [ '5.3.2' ],
136 silly audit   regjsparser: [ '0.9.1' ],
136 silly audit   relateurl: [ '0.2.7' ],
136 silly audit   renderkid: [ '3.0.0' ],
136 silly audit   'require-directory': [ '2.1.1' ],
136 silly audit   'require-from-string': [ '2.0.2' ],
136 silly audit   'requires-port': [ '1.0.0' ],
136 silly audit   reselect: [ '4.1.7' ],
136 silly audit   'resolve-cwd': [ '3.0.0' ],
136 silly audit   'resolve-url-loader': [ '4.0.0' ],
136 silly audit   'resolve.exports': [ '1.1.1' ],
136 silly audit   retry: [ '0.13.1' ],
136 silly audit   reusify: [ '1.0.4' ],
136 silly audit   rimraf: [ '3.0.2' ],
136 silly audit   rollup: [ '2.79.1' ],
136 silly audit   'rollup-plugin-terser': [ '7.0.2' ],
136 silly audit   'serialize-javascript': [ '4.0.0', '6.0.1' ],
136 silly audit   'run-parallel': [ '1.2.0' ],
136 silly audit   'safe-regex-test': [ '1.0.0' ],
136 silly audit   'safer-buffer': [ '2.1.2' ],
136 silly audit   'sanitize.css': [ '13.0.0' ],
136 silly audit   'sass-loader': [ '12.6.0' ],
136 silly audit   sax: [ '1.2.4' ],
136 silly audit   saxes: [ '5.0.1' ],
136 silly audit   scheduler: [ '0.23.0' ],
136 silly audit   'select-hose': [ '2.0.0' ],
136 silly audit   selfsigned: [ '2.1.1' ],
136 silly audit   yallist: [ '4.0.0', '3.1.1' ],
136 silly audit   send: [ '0.18.0' ],
136 silly audit   'serve-index': [ '1.9.1' ],
136 silly audit   setprototypeof: [ '1.1.0', '1.2.0' ],
136 silly audit   statuses: [ '1.5.0', '2.0.1' ],
136 silly audit   'serve-static': [ '1.15.0' ],
136 silly audit   'shebang-command': [ '2.0.0' ],
136 silly audit   'shebang-regex': [ '3.0.0' ],
136 silly audit   'shell-quote': [ '1.8.0' ],
136 silly audit   'side-channel': [ '1.0.4' ],
136 silly audit   'signal-exit': [ '3.0.7' ],
136 silly audit   sisteransi: [ '1.0.5' ],
136 silly audit   sockjs: [ '0.3.24' ],
136 silly audit   'source-list-map': [ '2.0.1' ],
136 silly audit   'source-map-js': [ '1.0.2' ],
136 silly audit   'source-map-loader': [ '3.0.2' ],
136 silly audit   'source-map-support': [ '0.5.21' ],
136 silly audit   'sourcemap-codec': [ '1.4.8' ],
136 silly audit   spdy: [ '4.0.2' ],
136 silly audit   'spdy-transport': [ '3.0.0' ],
136 silly audit   'sprintf-js': [ '1.0.3' ],
136 silly audit   stable: [ '0.1.8' ],
136 silly audit   'stack-utils': [ '2.0.6' ],
136 silly audit   stackframe: [ '1.3.4' ],
136 silly audit   'stop-iteration-iterator': [ '1.0.0' ],
136 silly audit   'string-natural-compare': [ '3.0.1' ],
136 silly audit   'string-width': [ '4.2.3' ],
136 silly audit   'string.prototype.matchall': [ '4.0.8' ],
136 silly audit   'string.prototype.trim': [ '1.2.7' ],
136 silly audit   'string.prototype.trimend': [ '1.0.6' ],
136 silly audit   'string.prototype.trimstart': [ '1.0.6' ],
136 silly audit   'stringify-object': [ '3.3.0' ],
136 silly audit   'strip-bom': [ '4.0.0', '3.0.0' ],
136 silly audit   'strip-comments': [ '2.0.1' ],
136 silly audit   'strip-final-newline': [ '2.0.0' ],
136 silly audit   'strip-indent': [ '3.0.0' ],
136 silly audit   'strip-json-comments': [ '3.1.1' ],
136 silly audit   'style-loader': [ '3.3.2' ],
136 silly audit   stylehacks: [ '5.1.1' ],
136 silly audit   sucrase: [ '3.31.0' ],
136 silly audit   'supports-hyperlinks': [ '2.3.0' ],
136 silly audit   'supports-preserve-symlinks-flag': [ '1.0.0' ],
136 silly audit   'svg-parser': [ '2.0.4' ],
136 silly audit   'symbol-tree': [ '3.2.4' ],
136 silly audit   tailwindcss: [ '3.3.1' ],
136 silly audit   'temp-dir': [ '2.0.0' ],
136 silly audit   tempy: [ '0.6.0' ],
136 silly audit   'terminal-link': [ '2.1.1' ],
136 silly audit   terser: [ '5.16.8' ],
136 silly audit   'terser-webpack-plugin': [ '5.3.7' ],
136 silly audit   'test-exclude': [ '6.0.0' ],
136 silly audit   'text-table': [ '0.2.0' ],
136 silly audit   thenify: [ '3.3.1' ],
136 silly audit   'thenify-all': [ '1.6.0' ],
136 silly audit   throat: [ '6.0.2' ],
136 silly audit   thunky: [ '1.1.0' ],
136 silly audit   tmpl: [ '1.0.5' ],
136 silly audit   'to-fast-properties': [ '2.0.0' ],
136 silly audit   'to-regex-range': [ '5.0.1' ],
136 silly audit   toidentifier: [ '1.0.1' ],
136 silly audit   'tough-cookie': [ '4.1.2' ],
136 silly audit   universalify: [ '0.2.0', '2.0.0' ],
136 silly audit   tr46: [ '2.1.0', '1.0.1' ],
136 silly audit   tryer: [ '1.0.1' ],
136 silly audit   'ts-interface-checker': [ '0.1.13' ],
136 silly audit   'tsconfig-paths': [ '3.14.2' ],
136 silly audit   tslib: [ '2.5.0', '1.14.1' ],
136 silly audit   tsutils: [ '3.21.0' ],
136 silly audit   'type-detect': [ '4.0.8' ],
136 silly audit   'type-is': [ '1.6.18' ],
136 silly audit   'typed-array-length': [ '1.0.4' ],
136 silly audit   'typedarray-to-buffer': [ '3.1.5' ],
136 silly audit   typescript: [ '4.9.5' ],
136 silly audit   'unbox-primitive': [ '1.0.2' ],
136 silly audit   'unicode-canonical-property-names-ecmascript': [ '2.0.0' ],
136 silly audit   'unicode-match-property-ecmascript': [ '2.0.0' ],
136 silly audit   'unicode-match-property-value-ecmascript': [ '2.1.0' ],
136 silly audit   'unicode-property-aliases-ecmascript': [ '2.1.0' ],
136 silly audit   'unique-string': [ '2.0.0' ],
136 silly audit   unpipe: [ '1.0.0' ],
136 silly audit   unquote: [ '1.1.1' ],
136 silly audit   upath: [ '1.2.0' ],
136 silly audit   'update-browserslist-db': [ '1.0.10' ],
136 silly audit   'uri-js': [ '4.4.1' ],
136 silly audit   'url-parse': [ '1.5.10' ],
136 silly audit   'use-sync-external-store': [ '1.2.0' ],
136 silly audit   'util-deprecate': [ '1.0.2' ],
136 silly audit   'util.promisify': [ '1.0.1' ],
136 silly audit   utila: [ '0.4.0' ],
136 silly audit   'utils-merge': [ '1.0.1' ],
136 silly audit   uuid: [ '8.3.2' ],
136 silly audit   'v8-to-istanbul': [ '8.1.1' ],
136 silly audit   vary: [ '1.1.2' ],
136 silly audit   'w3c-hr-time': [ '1.0.2' ],
136 silly audit   'w3c-xmlserializer': [ '2.0.0' ],
136 silly audit   walker: [ '1.0.8' ],
136 silly audit   watchpack: [ '2.4.0' ],
136 silly audit   wbuf: [ '1.7.3' ],
136 silly audit   'web-vitals': [ '2.1.4' ],
136 silly audit   webpack: [ '5.77.0' ],
136 silly audit   'webpack-dev-middleware': [ '5.3.3' ],
136 silly audit   'webpack-dev-server': [ '4.13.2' ],
136 silly audit   ws: [ '8.13.0', '7.5.9' ],
136 silly audit   'webpack-manifest-plugin': [ '4.1.1' ],
136 silly audit   'webpack-sources': [ '2.3.1', '3.2.3', '1.4.3' ],
136 silly audit   'websocket-driver': [ '0.7.4' ],
136 silly audit   'websocket-extensions': [ '0.1.4' ],
136 silly audit   'whatwg-encoding': [ '1.0.5' ],
136 silly audit   'whatwg-fetch': [ '3.6.2' ],
136 silly audit   'whatwg-mimetype': [ '2.3.0' ],
136 silly audit   'whatwg-url': [ '8.7.0', '7.1.0' ],
136 silly audit   'which-boxed-primitive': [ '1.0.2' ],
136 silly audit   'which-collection': [ '1.0.1' ],
136 silly audit   'which-typed-array': [ '1.1.9' ],
136 silly audit   'word-wrap': [ '1.2.3' ],
136 silly audit   'workbox-background-sync': [ '6.5.4' ],
136 silly audit   'workbox-broadcast-update': [ '6.5.4' ],
136 silly audit   'workbox-build': [ '6.5.4' ],
136 silly audit   '@apideck/better-ajv-errors': [ '0.3.6' ],
136 silly audit   'workbox-cacheable-response': [ '6.5.4' ],
136 silly audit   'workbox-core': [ '6.5.4' ],
136 silly audit   'workbox-expiration': [ '6.5.4' ],
136 silly audit   'workbox-google-analytics': [ '6.5.4' ],
136 silly audit   'workbox-navigation-preload': [ '6.5.4' ],
136 silly audit   'workbox-precaching': [ '6.5.4' ],
136 silly audit   'workbox-range-requests': [ '6.5.4' ],
136 silly audit   'workbox-recipes': [ '6.5.4' ],
136 silly audit   'workbox-routing': [ '6.5.4' ],
136 silly audit   'workbox-strategies': [ '6.5.4' ],
136 silly audit   'workbox-streams': [ '6.5.4' ],
136 silly audit   'workbox-sw': [ '6.5.4' ],
136 silly audit   'workbox-webpack-plugin': [ '6.5.4' ],
136 silly audit   'workbox-window': [ '6.5.4' ],
136 silly audit   'wrap-ansi': [ '7.0.0' ],
136 silly audit   wrappy: [ '1.0.2' ],
136 silly audit   'write-file-atomic': [ '3.0.3' ],
136 silly audit   'xml-name-validator': [ '3.0.0' ],
136 silly audit   xmlchars: [ '2.2.0' ],
136 silly audit   y18n: [ '5.0.8' ],
136 silly audit   yaml: [ '1.10.2' ],
136 silly audit   yargs: [ '16.2.0' ],
136 silly audit   'yargs-parser': [ '20.2.9' ],
136 silly audit   'yocto-queue': [ '0.1.0' ],
136 silly audit   bootstrap: [ '5.2.3' ],
136 silly audit   '@popperjs/core': [ '2.11.7' ],
136 silly audit   'react-bootstrap': [ '2.7.2' ],
136 silly audit   '@restart/hooks': [ '0.4.9' ],
136 silly audit   '@restart/ui': [ '1.6.2' ],
136 silly audit   '@types/react-transition-group': [ '4.4.5' ],
136 silly audit   classnames: [ '2.3.2' ],
136 silly audit   'dom-helpers': [ '5.2.1' ],
136 silly audit   invariant: [ '2.2.4' ],
136 silly audit   'prop-types-extra': [ '1.1.1' ],
136 silly audit   'react-transition-group': [ '4.4.5' ],
136 silly audit   uncontrollable: [ '7.2.1', '8.0.0' ],
136 silly audit   warning: [ '4.0.3' ],
136 silly audit   dequal: [ '2.0.3' ],
136 silly audit   '@react-aria/ssr': [ '3.5.0' ],
136 silly audit   '@types/warning': [ '3.0.0' ],
136 silly audit   '@swc/helpers': [ '0.4.14' ],
136 silly audit   'react-lifecycles-compat': [ '3.0.4' ]
136 silly audit }
137 verbose reify failed optional dependency D:\PROJETS\app\reactapp\node_modules\fsevents
138 silly reify mark deleted [ 'D:\\PROJETS\\app\\reactapp\\node_modules\\fsevents' ]
139 timing reifyNode:node_modules/fsevents Completed in 8ms
140 silly tarball no local data for @react-aria/ssr@https://registry.npmjs.org/@react-aria/ssr/-/ssr-3.5.0.tgz. Extracting by manifest.
141 silly tarball no local data for @swc/helpers@https://registry.npmjs.org/@swc/helpers/-/helpers-0.4.14.tgz. Extracting by manifest.
142 silly tarball no local data for @types/warning@https://registry.npmjs.org/@types/warning/-/warning-3.0.0.tgz. Extracting by manifest.
143 silly tarball no local data for react-lifecycles-compat@https://registry.npmjs.org/react-lifecycles-compat/-/react-lifecycles-compat-3.0.4.tgz. Extracting by manifest.
144 silly tarball no local data for warning@https://registry.npmjs.org/warning/-/warning-4.0.3.tgz. Extracting by manifest.
145 silly tarball no local data for uncontrollable@https://registry.npmjs.org/uncontrollable/-/uncontrollable-7.2.1.tgz. Extracting by manifest.
146 silly tarball no local data for dequal@https://registry.npmjs.org/dequal/-/dequal-2.0.3.tgz. Extracting by manifest.
147 silly tarball no local data for react-transition-group@https://registry.npmjs.org/react-transition-group/-/react-transition-group-4.4.5.tgz. Extracting by manifest.
148 silly tarball no local data for prop-types-extra@https://registry.npmjs.org/prop-types-extra/-/prop-types-extra-1.1.1.tgz. Extracting by manifest.
149 silly tarball no local data for invariant@https://registry.npmjs.org/invariant/-/invariant-2.2.4.tgz. Extracting by manifest.
150 silly tarball no local data for dom-helpers@https://registry.npmjs.org/dom-helpers/-/dom-helpers-5.2.1.tgz. Extracting by manifest.
151 silly tarball no local data for @types/react-transition-group@https://registry.npmjs.org/@types/react-transition-group/-/react-transition-group-4.4.5.tgz. Extracting by manifest.
152 silly tarball no local data for @restart/ui@https://registry.npmjs.org/@restart/ui/-/ui-1.6.2.tgz. Extracting by manifest.
153 silly tarball no local data for classnames@https://registry.npmjs.org/classnames/-/classnames-2.3.2.tgz. Extracting by manifest.
154 silly tarball no local data for react-bootstrap@https://registry.npmjs.org/react-bootstrap/-/react-bootstrap-2.7.2.tgz. Extracting by manifest.
155 silly tarball no local data for @popperjs/core@https://registry.npmjs.org/@popperjs/core/-/core-2.11.7.tgz. Extracting by manifest.
156 silly tarball no local data for @restart/hooks@https://registry.npmjs.org/@restart/hooks/-/hooks-0.4.9.tgz. Extracting by manifest.
157 silly tarball no local data for bootstrap@https://registry.npmjs.org/bootstrap/-/bootstrap-5.2.3.tgz. Extracting by manifest.
158 silly tarball no local data for uncontrollable@https://registry.npmjs.org/uncontrollable/-/uncontrollable-8.0.0.tgz. Extracting by manifest.
159 timing reifyNode:node_modules/prop-types-extra/node_modules/react-is Completed in 94ms
160 http fetch GET 200 https://registry.npmjs.org/warning/-/warning-4.0.3.tgz 134ms (cache miss)
161 timing reifyNode:node_modules/warning Completed in 167ms
162 http fetch GET 200 https://registry.npmjs.org/react-lifecycles-compat/-/react-lifecycles-compat-3.0.4.tgz 139ms (cache miss)
163 timing reifyNode:node_modules/react-lifecycles-compat Completed in 288ms
164 http fetch GET 200 https://registry.npmjs.org/prop-types-extra/-/prop-types-extra-1.1.1.tgz 255ms (cache miss)
165 timing reifyNode:node_modules/prop-types-extra Completed in 304ms
166 http fetch GET 200 https://registry.npmjs.org/dequal/-/dequal-2.0.3.tgz 344ms (cache miss)
167 timing reifyNode:node_modules/dequal Completed in 391ms
168 http fetch POST 200 https://registry.npmjs.org/-/npm/v1/security/advisories/bulk 402ms
169 timing auditReport:getReport Completed in 420ms
170 silly audit report {
170 silly audit report   'nth-check': [
170 silly audit report     {
170 silly audit report       id: 1091236,
170 silly audit report       url: 'https://github.com/advisories/GHSA-rp65-9cf3-cjxr',
170 silly audit report       title: 'Inefficient Regular Expression Complexity in nth-check',
170 silly audit report       severity: 'high',
170 silly audit report       vulnerable_versions: '<2.0.1',
170 silly audit report       cwe: [Array],
170 silly audit report       cvss: [Object]
170 silly audit report     }
170 silly audit report   ]
170 silly audit report }
171 timing metavuln:cache:get:security-advisory:nth-check:MYMdRRk8nNDn9vZzCDZpZXHLjCKGFJXoanfiUyj719wKPZ0QSlvfvKmgI0fFo+Be1Z2Svi8em5vHnZZKWYHhtw== Completed in 20ms
172 http fetch GET 200 https://registry.npmjs.org/invariant/-/invariant-2.2.4.tgz 390ms (cache miss)
173 http fetch GET 200 https://registry.npmjs.org/classnames/-/classnames-2.3.2.tgz 386ms (cache miss)
174 timing reifyNode:node_modules/invariant Completed in 443ms
175 timing reifyNode:node_modules/classnames Completed in 444ms
176 http fetch GET 200 https://registry.npmjs.org/nth-check 49ms (cache hit)
177 timing metavuln:packument:nth-check Completed in 51ms
178 timing metavuln:load:security-advisory:nth-check:1091236 Completed in 1ms
179 timing metavuln:calculate:security-advisory:nth-check:1091236 Completed in 53ms
180 http fetch GET 200 https://registry.npmjs.org/@types/react-transition-group/-/react-transition-group-4.4.5.tgz 418ms (cache miss)
181 timing metavuln:cache:get:security-advisory:css-select:zYQgvOqWQWwZVK6Jt4ozlNIbCM+7aHmZ/nBiuNsbkbqYjBTVBFllrCGNTMwc2MwFI36CxcBpVYJ6jbPzfzFr1Q== Completed in 13ms
182 timing reifyNode:node_modules/@types/react-transition-group Completed in 464ms
183 http fetch GET 200 https://registry.npmjs.org/css-select 28ms (cache hit)
184 timing metavuln:packument:css-select Completed in 30ms
185 timing metavuln:load:security-advisory:css-select:MYMdRRk8nNDn9vZzCDZpZXHLjCKGFJXoanfiUyj719wKPZ0QSlvfvKmgI0fFo+Be1Z2Svi8em5vHnZZKWYHhtw== Completed in 0ms
186 timing metavuln:calculate:security-advisory:css-select:MYMdRRk8nNDn9vZzCDZpZXHLjCKGFJXoanfiUyj719wKPZ0QSlvfvKmgI0fFo+Be1Z2Svi8em5vHnZZKWYHhtw== Completed in 31ms
187 http fetch GET 200 https://registry.npmjs.org/uncontrollable/-/uncontrollable-8.0.0.tgz 432ms (cache miss)
188 timing reifyNode:node_modules/@restart/ui/node_modules/uncontrollable Completed in 485ms
189 timing metavuln:cache:get:security-advisory:svgo:H4LeLrB8NCwClUkqtya5VZyWM9PAxQtyNxZvLWxXtNh6KEGEEwMEeTxvZipDgAHne8t4ICZFw4vipwaIqPSZtQ== Completed in 9ms
190 http fetch GET 200 https://registry.npmjs.org/svgo 21ms (cache hit)
191 timing metavuln:packument:svgo Completed in 23ms
192 timing metavuln:load:security-advisory:svgo:zYQgvOqWQWwZVK6Jt4ozlNIbCM+7aHmZ/nBiuNsbkbqYjBTVBFllrCGNTMwc2MwFI36CxcBpVYJ6jbPzfzFr1Q== Completed in 1ms
193 timing metavuln:calculate:security-advisory:svgo:zYQgvOqWQWwZVK6Jt4ozlNIbCM+7aHmZ/nBiuNsbkbqYjBTVBFllrCGNTMwc2MwFI36CxcBpVYJ6jbPzfzFr1Q== Completed in 26ms
194 timing metavuln:cache:get:security-advisory:@svgr/plugin-svgo:f/0iKu9ag0jtIunruFfqDrgnf9KQhf3ufJI0QV+X0n+PN9v7R5j3KJlFPwBI58SVpbBqZbGUn56UxnNCjhvyeQ== Completed in 20ms
195 http fetch GET 200 https://registry.npmjs.org/@svgr%2fplugin-svgo 43ms (cache hit)
196 timing metavuln:packument:@svgr/plugin-svgo Completed in 44ms
197 timing metavuln:load:security-advisory:@svgr/plugin-svgo:H4LeLrB8NCwClUkqtya5VZyWM9PAxQtyNxZvLWxXtNh6KEGEEwMEeTxvZipDgAHne8t4ICZFw4vipwaIqPSZtQ== Completed in 0ms
198 timing metavuln:calculate:security-advisory:@svgr/plugin-svgo:H4LeLrB8NCwClUkqtya5VZyWM9PAxQtyNxZvLWxXtNh6KEGEEwMEeTxvZipDgAHne8t4ICZFw4vipwaIqPSZtQ== Completed in 45ms
199 http fetch GET 200 https://registry.npmjs.org/uncontrollable/-/uncontrollable-7.2.1.tgz 535ms (cache miss)
200 timing metavuln:cache:get:security-advisory:@svgr/webpack:q5PXgcIcURNWA+IliUVEkipIveQ4wbfGWjI4euGOPyFBCnqbngr9a3igFYHS+1pBDByvtLRi248vx6qVXNzETA== Completed in 16ms
201 timing reifyNode:node_modules/uncontrollable Completed in 571ms
202 http fetch GET 200 https://registry.npmjs.org/@svgr%2fwebpack 27ms (cache hit)
203 timing metavuln:packument:@svgr/webpack Completed in 29ms
204 timing metavuln:load:security-advisory:@svgr/webpack:f/0iKu9ag0jtIunruFfqDrgnf9KQhf3ufJI0QV+X0n+PN9v7R5j3KJlFPwBI58SVpbBqZbGUn56UxnNCjhvyeQ== Completed in 1ms
205 timing metavuln:calculate:security-advisory:@svgr/webpack:f/0iKu9ag0jtIunruFfqDrgnf9KQhf3ufJI0QV+X0n+PN9v7R5j3KJlFPwBI58SVpbBqZbGUn56UxnNCjhvyeQ== Completed in 31ms
206 timing metavuln:cache:get:security-advisory:react-scripts:UQuo5XvYFC9/pEzjjPUcDX1N7weJN+6XfMRKJjRh7nOry4F3UVxAdGOoY8Z/93FUsiH4W3LU902haOJ+tEowSA== Completed in 24ms
207 http fetch GET 200 https://registry.npmjs.org/react-scripts 59ms (cache hit)
208 timing metavuln:packument:react-scripts Completed in 71ms
209 timing metavuln:load:security-advisory:react-scripts:q5PXgcIcURNWA+IliUVEkipIveQ4wbfGWjI4euGOPyFBCnqbngr9a3igFYHS+1pBDByvtLRi248vx6qVXNzETA== Completed in 2ms
210 timing metavuln:calculate:security-advisory:react-scripts:q5PXgcIcURNWA+IliUVEkipIveQ4wbfGWjI4euGOPyFBCnqbngr9a3igFYHS+1pBDByvtLRi248vx6qVXNzETA== Completed in 73ms
211 timing auditReport:init Completed in 333ms
212 timing reify:audit Completed in 755ms
213 http fetch GET 200 https://registry.npmjs.org/react-transition-group/-/react-transition-group-4.4.5.tgz 754ms (cache miss)
214 timing reifyNode:node_modules/react-transition-group Completed in 791ms
215 http fetch GET 200 https://registry.npmjs.org/@types/warning/-/warning-3.0.0.tgz 1104ms (cache miss)
216 timing reifyNode:node_modules/@types/warning Completed in 1133ms
217 http fetch GET 200 https://registry.npmjs.org/@react-aria/ssr/-/ssr-3.5.0.tgz 1235ms (cache miss)
218 timing reifyNode:node_modules/@react-aria/ssr Completed in 1268ms
219 http fetch GET 200 https://registry.npmjs.org/@swc/helpers/-/helpers-0.4.14.tgz 12279ms (cache miss)
220 timing reifyNode:node_modules/@swc/helpers Completed in 12333ms
221 http fetch GET 200 https://registry.npmjs.org/dom-helpers/-/dom-helpers-5.2.1.tgz 13388ms (cache miss)
222 timing reifyNode:node_modules/dom-helpers Completed in 13430ms
223 http fetch GET 200 https://registry.npmjs.org/@restart/hooks/-/hooks-0.4.9.tgz 13384ms (cache miss)
224 timing reifyNode:node_modules/@restart/hooks Completed in 13450ms
225 http fetch GET 200 https://registry.npmjs.org/@restart/ui/-/ui-1.6.2.tgz 15857ms (cache miss)
226 timing reifyNode:node_modules/@restart/ui Completed in 16020ms
227 http fetch GET 200 https://registry.npmjs.org/@popperjs/core/-/core-2.11.7.tgz 16185ms (cache miss)
228 timing reifyNode:node_modules/@popperjs/core Completed in 16233ms
229 http fetch GET 200 https://registry.npmjs.org/bootstrap/-/bootstrap-5.2.3.tgz 25355ms (cache miss)
230 timing reifyNode:node_modules/bootstrap Completed in 25409ms
231 http fetch GET 200 https://registry.npmjs.org/react-bootstrap/-/react-bootstrap-2.7.2.tgz 25448ms (cache miss)
232 timing reifyNode:node_modules/react-bootstrap Completed in 25494ms
233 timing reify:unpack Completed in 25498ms
234 timing reify:unretire Completed in 1ms
235 timing build:queue Completed in 5ms
236 timing build:deps Completed in 6ms
237 timing build Completed in 7ms
238 timing reify:build Completed in 10ms
239 timing reify:trash Completed in 2ms
240 timing reify:save Completed in 930ms
241 timing reify Completed in 34829ms
242 silly ADD node_modules/react-lifecycles-compat
243 silly ADD node_modules/@swc/helpers
244 silly ADD node_modules/@types/warning
245 silly ADD node_modules/@react-aria/ssr
246 silly ADD node_modules/dequal
247 silly ADD node_modules/warning
248 silly ADD node_modules/uncontrollable
249 silly ADD node_modules/react-transition-group
250 silly ADD node_modules/prop-types-extra
251 silly ADD node_modules/prop-types-extra/node_modules/react-is
252 silly ADD node_modules/invariant
253 silly ADD node_modules/dom-helpers
254 silly ADD node_modules/classnames
255 silly ADD node_modules/@types/react-transition-group
256 silly ADD node_modules/@restart/ui
257 silly ADD node_modules/@restart/ui/node_modules/uncontrollable
258 silly ADD node_modules/@restart/hooks
259 silly ADD node_modules/react-bootstrap
260 silly ADD node_modules/@popperjs/core
261 silly ADD node_modules/bootstrap
262 silly ADD
263 timing command:install Completed in 34859ms
264 verbose exit 0
265 timing npm Completed in 34932ms
266 info ok
